2025-12-14 07:04:53,708 - === Choreography Debug Mode Enabled ===
2025-12-14 07:04:53,708 - Logging to: /home/pi/Code/machine-code/machine/logs/choreography_debug_20251214_070453.log
2025-12-14 07:04:59,947 - ========== STARTING RESET SEQUENCE ==========
2025-12-14 07:04:59,948 - Reset choreography content:
set_frps 0.5
sync {
    move(1, 0)
    move(2, 0)
    move(3, 0)
    move(4, 0)
}
2025-12-14 07:04:59,968 - [reset] Line 1: set speed 0.5 frps (0.0s)
2025-12-14 07:04:59,979 - [reset] Line 3: move motor 1 0.0% (0.0s)
2025-12-14 07:04:59,980 - [reset] Line 4: move motor 2 0.0% (0.0s)
2025-12-14 07:04:59,980 - [reset] Line 5: move motor 3 0.0% (0.0s)
2025-12-14 07:04:59,981 - [reset] Line 6: move motor 4 0.0% (0.0s)
2025-12-14 07:04:59,991 - [reset] Line 6: sync command (0.023s)
2025-12-14 07:05:00,057 - ========== FINISHED RESET SEQUENCE ==========

2025-12-14 07:05:01,248 - ========== STARTING RESET SEQUENCE ==========
2025-12-14 07:05:01,249 - Reset choreography content:
set_frps 0.5
sync {
    move(1, 0)
    move(2, 0)
    move(3, 0)
    move(4, 0)
}
2025-12-14 07:05:01,263 - [reset] Line 1: set speed 0.5 frps (0.0s)
2025-12-14 07:05:01,273 - [reset] Line 3: move motor 1 0.0% (0.0s)
2025-12-14 07:05:01,274 - [reset] Line 4: move motor 2 0.0% (0.0s)
2025-12-14 07:05:01,275 - [reset] Line 5: move motor 3 0.0% (0.0s)
2025-12-14 07:05:01,276 - [reset] Line 6: move motor 4 0.0% (0.0s)
2025-12-14 07:05:01,286 - [reset] Line 6: sync command (0.023s)
2025-12-14 07:05:01,351 - ========== FINISHED RESET SEQUENCE ==========

2025-12-14 07:05:03,940 - ========== STARTING EXECUTION: 00-New-Awakening.chor ==========
2025-12-14 07:05:03,941 - Choreography content:
# when she hangs upside down and start playing with her hands
set_frps 0.01

sync{

move(2, 0.2)
 
}

sync{
move(1, 0.2)
move(2, 0.4)
move(4, 0.2)
}
set_frps 0.01
sync{
move(1, 0)
move(2, 0)
move(4, 0)
}

2025-12-14 07:05:03,941 - ============================================================
2025-12-14 07:05:03,959 - [00-New-Awakening.chor] Line 2: set speed 0.01 frps (0.0s)
2025-12-14 07:05:03,970 - [00-New-Awakening.chor] Line 6: move motor 2 0.2% (0.0s)
2025-12-14 07:05:24,332 - [00-New-Awakening.chor] Line 6: sync command (20.372s)
2025-12-14 07:05:24,343 - [00-New-Awakening.chor] Line 11: move motor 1 0.2% (0.0s)
2025-12-14 07:05:24,343 - [00-New-Awakening.chor] Line 12: move motor 2 0.4% (0.0s)
2025-12-14 07:05:24,344 - [00-New-Awakening.chor] Line 13: move motor 4 0.2% (0.0s)
2025-12-14 07:05:44,889 - [00-New-Awakening.chor] Line 13: sync command (20.557s)
2025-12-14 07:05:44,890 - [00-New-Awakening.chor] Line 15: set speed 0.01 frps (0.0s)
2025-12-14 07:05:44,900 - [00-New-Awakening.chor] Line 17: move motor 1 0.0% (0.0s)
2025-12-14 07:05:44,901 - [00-New-Awakening.chor] Line 18: move motor 2 0.0% (0.0s)
2025-12-14 07:05:44,902 - [00-New-Awakening.chor] Line 19: move motor 4 0.0% (0.0s)
2025-12-14 07:06:25,603 - [00-New-Awakening.chor] Line 19: sync command (40.712s)
2025-12-14 07:06:25,751 - ========== FINISHED EXECUTION: 00-New-Awakening.chor ==========

2025-12-14 07:08:12,578 - ========== STARTING EXECUTION: 03-dabke.chor ==========
2025-12-14 07:08:12,579 - Choreography content:
# Total time: ~19 seconds
# Traditional dabke dance with stomping rhythm and motor 4 showing off

# Opening - All three motors stomping together (the line forms)
set_frps 0.2

# Basic dabke step: STOMP-step-STOMP-step
sync {
    move(1, 0.4)
    move(2, 0.35)
    move(4, 0.37)
}
wait(0.1)
sync {
    move(1, 0.2)
    move(2, 0.15)
    move(4, 0.17)
}
wait(0.15)

sync {
    move(1, 0.45)
    move(2, 0.4)
    move(4, 0.42)
}
wait(0.1)
sync {
    move(1, 0.2)
    move(2, 0.15)
    move(4, 0.17)
}
wait(0.2)

# Continue line dancing - building energy
set_frps 0.35
sync {
    move(1, 0.5)
    move(2, 0.45)
    move(4, 0.47)
}
wait(0.1)
sync {
    move(1, 0.25)
    move(2, 0.2)
    move(4, 0.22)
}
wait(0.2)

sync {
    move(1, 0.55)
    move(2, 0.5)
    move(4, 0.52)
}
wait(0.1)


# Reset to zero for next scene
set_frps 0.15
sync {
    move(1, 0)
    move(2, 0)
    move(4, 0)
}

2025-12-14 07:08:12,580 - ============================================================
2025-12-14 07:08:12,654 - [03-dabke.chor] Line 5: set speed 0.2 frps (0.0s)
2025-12-14 07:08:12,665 - [03-dabke.chor] Line 9: move motor 1 0.4% (0.0s)
2025-12-14 07:08:12,666 - [03-dabke.chor] Line 10: move motor 2 0.35% (0.0s)
2025-12-14 07:08:12,668 - [03-dabke.chor] Line 11: move motor 4 0.37% (0.001s)
2025-12-14 07:08:15,667 - [03-dabke.chor] Line 11: sync command (3.012s)
2025-12-14 07:08:15,778 - [03-dabke.chor] Line 13: wait 0.1s (0.11s)
2025-12-14 07:08:15,789 - [03-dabke.chor] Line 15: move motor 1 0.2% (0.0s)
2025-12-14 07:08:15,790 - [03-dabke.chor] Line 16: move motor 2 0.15% (0.0s)
2025-12-14 07:08:15,791 - [03-dabke.chor] Line 17: move motor 4 0.17% (0.0s)
2025-12-14 07:08:17,301 - [03-dabke.chor] Line 17: sync command (1.522s)
2025-12-14 07:08:17,462 - [03-dabke.chor] Line 19: wait 0.15s (0.16s)
2025-12-14 07:08:17,473 - [03-dabke.chor] Line 22: move motor 1 0.45% (0.0s)
2025-12-14 07:08:17,474 - [03-dabke.chor] Line 23: move motor 2 0.4% (0.0s)
2025-12-14 07:08:17,474 - [03-dabke.chor] Line 24: move motor 4 0.42% (0.0s)
2025-12-14 07:08:19,367 - [03-dabke.chor] Line 24: sync command (1.905s)
2025-12-14 07:08:19,478 - [03-dabke.chor] Line 26: wait 0.1s (0.11s)
2025-12-14 07:08:19,489 - [03-dabke.chor] Line 28: move motor 1 0.2% (0.0s)
2025-12-14 07:08:19,490 - [03-dabke.chor] Line 29: move motor 2 0.15% (0.0s)
2025-12-14 07:08:19,491 - [03-dabke.chor] Line 30: move motor 4 0.17% (0.0s)
2025-12-14 07:08:21,373 - [03-dabke.chor] Line 30: sync command (1.894s)
2025-12-14 07:08:21,584 - [03-dabke.chor] Line 32: wait 0.2s (0.21s)
2025-12-14 07:08:21,585 - [03-dabke.chor] Line 35: set speed 0.35 frps (0.0s)
2025-12-14 07:08:21,596 - [03-dabke.chor] Line 37: move motor 1 0.5% (0.0s)
2025-12-14 07:08:21,597 - [03-dabke.chor] Line 38: move motor 2 0.45% (0.0s)
2025-12-14 07:08:21,598 - [03-dabke.chor] Line 39: move motor 4 0.47% (0.0s)
2025-12-14 07:08:23,239 - [03-dabke.chor] Line 39: sync command (1.653s)
2025-12-14 07:08:23,350 - [03-dabke.chor] Line 41: wait 0.1s (0.11s)
2025-12-14 07:08:23,361 - [03-dabke.chor] Line 43: move motor 1 0.25% (0.0s)
2025-12-14 07:08:23,362 - [03-dabke.chor] Line 44: move motor 2 0.2% (0.0s)
2025-12-14 07:08:23,363 - [03-dabke.chor] Line 45: move motor 4 0.22% (0.0s)
2025-12-14 07:08:24,712 - [03-dabke.chor] Line 45: sync command (1.361s)
2025-12-14 07:08:24,923 - [03-dabke.chor] Line 47: wait 0.2s (0.21s)
2025-12-14 07:08:24,935 - [03-dabke.chor] Line 50: move motor 1 0.55% (0.0s)
2025-12-14 07:08:24,936 - [03-dabke.chor] Line 51: move motor 2 0.5% (0.0s)
2025-12-14 07:08:24,937 - [03-dabke.chor] Line 52: move motor 4 0.52% (0.0s)
2025-12-14 07:08:26,558 - [03-dabke.chor] Line 52: sync command (1.634s)
2025-12-14 07:08:26,669 - [03-dabke.chor] Line 54: wait 0.1s (0.11s)
2025-12-14 07:08:26,670 - [03-dabke.chor] Line 58: set speed 0.15 frps (0.0s)
2025-12-14 07:08:26,681 - [03-dabke.chor] Line 60: move motor 1 0.0% (0.0s)
2025-12-14 07:08:26,683 - [03-dabke.chor] Line 61: move motor 2 0.0% (0.0s)
2025-12-14 07:08:26,684 - [03-dabke.chor] Line 62: move motor 4 0.0% (0.0s)
2025-12-14 07:08:31,748 - [03-dabke.chor] Line 62: sync command (5.077s)
2025-12-14 07:08:31,816 - ========== FINISHED EXECUTION: 03-dabke.chor ==========

2025-12-14 07:08:36,314 - ========== STARTING EXECUTION: 035-ya shourafa2 hazihi l ard.chor ==========
2025-12-14 07:08:36,314 - Choreography content:
# Total time: ~49 seconds
# Romantic slow swaying motion back and forth
# removed the waits

# Gentle sway right
set_frps 0.02
sync {
    move(1, 0.3)
    move(2, 0.2)
    move(4, 0.3)
}


# Sway left
set_frps 0.04
sync {
    move(1, 0.25)
    move(2, 0.25)
    move(4, 0.25)
}



# Reset to zero for next scene
set_frps 0.15
sync {
    move(1, 0)
    move(2, 0)
    move(4, 0)
}

2025-12-14 07:08:36,315 - ============================================================
2025-12-14 07:08:36,332 - [035-ya shourafa2 hazihi l ard.chor] Line 6: set speed 0.02 frps (0.0s)
2025-12-14 07:08:36,342 - [035-ya shourafa2 hazihi l ard.chor] Line 8: move motor 1 0.3% (0.0s)
2025-12-14 07:08:36,343 - [035-ya shourafa2 hazihi l ard.chor] Line 9: move motor 2 0.2% (0.0s)
2025-12-14 07:08:36,343 - [035-ya shourafa2 hazihi l ard.chor] Line 10: move motor 4 0.3% (0.0s)
2025-12-14 07:08:52,151 - [035-ya shourafa2 hazihi l ard.chor] Line 10: sync command (15.818s)
2025-12-14 07:08:52,151 - [035-ya shourafa2 hazihi l ard.chor] Line 15: set speed 0.04 frps (0.0s)
2025-12-14 07:08:52,162 - [035-ya shourafa2 hazihi l ard.chor] Line 17: move motor 1 0.25% (0.0s)
2025-12-14 07:08:52,163 - [035-ya shourafa2 hazihi l ard.chor] Line 18: move motor 2 0.25% (0.0s)
2025-12-14 07:08:52,164 - [035-ya shourafa2 hazihi l ard.chor] Line 19: move motor 4 0.25% (0.0s)
2025-12-14 07:08:53,588 - [035-ya shourafa2 hazihi l ard.chor] Line 19: sync command (1.436s)
2025-12-14 07:08:53,588 - [035-ya shourafa2 hazihi l ard.chor] Line 25: set speed 0.15 frps (0.0s)
2025-12-14 07:08:53,599 - [035-ya shourafa2 hazihi l ard.chor] Line 27: move motor 1 0.0% (0.0s)
2025-12-14 07:08:53,600 - [035-ya shourafa2 hazihi l ard.chor] Line 28: move motor 2 0.0% (0.0s)
2025-12-14 07:08:53,600 - [035-ya shourafa2 hazihi l ard.chor] Line 29: move motor 4 0.0% (0.0s)
2025-12-14 07:08:55,980 - [035-ya shourafa2 hazihi l ard.chor] Line 29: sync command (2.391s)
2025-12-14 07:08:56,047 - ========== FINISHED EXECUTION: 035-ya shourafa2 hazihi l ard.chor ==========

2025-12-14 07:09:02,511 - ========== STARTING EXECUTION: 04-barry-white.chor ==========
2025-12-14 07:09:02,511 - Choreography content:
# Total time: ~48 seconds
# Smooth sensual movements building from gentle sway to passionate crescendo

set_frps 0.12;
sync {
    move(1, 0.3);
    move(2, 0.2);
    move(4, 0.25);
}
wait(1);

# First verse
set_frps 0.18;
sync {
    move(1, 0.6);
    move(2, 0.5);
    move(4, 0.55);
}
wait(0.5);

set_frps 0.18;
sync {
    move(1, 0.3);
    move(2, 0.2);
    move(4, 0.25);
}
wait(0.5);

# Building intensity
set_frps 0.25;
sync {
    move(1, 0.75);
    move(2, 0.65);
    move(4, 0.7);
}
wait(0.8);

# Chorus
repeat 2 {
    set_frps 0.3;
    sync {
        move(1, 0.85);
        move(2, 0.8);
        move(4, 0.82);
    }
    wait(0.4);
    
    set_frps 0.35;
    sync {
        move(1, 0.4);
        move(2, 0.35);
        move(4, 0.38);
    }
    wait(0.4);
}

# Bridge
set_frps 0.15;
move(1, 0.9);
wait(0.3);
move(2, 0.85);
wait(0.3);
move(4, 0.88);
wait(0.6);

# Smooth descent
set_frps 0.2;
sync {
    move(1, 0.5);
    move(2, 0.45);
    move(4, 0.48);
}
wait(0.4);

# Outro
set_frps 0.15;
sync {
    move(1, 0.3);
    move(2, 0.25);
    move(4, 0.28);
}
wait(0.5);

# Final resolution
set_frps 0.08;
sync {
    move(1, 0);
    move(2, 0);
    move(4, 0);
}

2025-12-14 07:09:02,512 - ============================================================
2025-12-14 07:09:02,546 - [04-barry-white.chor] Line 4: set speed 0.12 frps (0.0s)
2025-12-14 07:09:02,557 - [04-barry-white.chor] Line 6: move motor 1 0.3% (0.0s)
2025-12-14 07:09:02,558 - [04-barry-white.chor] Line 7: move motor 2 0.2% (0.0s)
2025-12-14 07:09:02,559 - [04-barry-white.chor] Line 8: move motor 4 0.25% (0.0s)
2025-12-14 07:09:05,820 - [04-barry-white.chor] Line 8: sync command (3.274s)
2025-12-14 07:09:06,831 - [04-barry-white.chor] Line 10: wait 1.0s (1.01s)
2025-12-14 07:09:06,832 - [04-barry-white.chor] Line 13: set speed 0.18 frps (0.0s)
2025-12-14 07:09:06,842 - [04-barry-white.chor] Line 15: move motor 1 0.6% (0.0s)
2025-12-14 07:09:06,843 - [04-barry-white.chor] Line 16: move motor 2 0.5% (0.0s)
2025-12-14 07:09:06,844 - [04-barry-white.chor] Line 17: move motor 4 0.55% (0.0s)
2025-12-14 07:09:09,280 - [04-barry-white.chor] Line 17: sync command (2.447s)
2025-12-14 07:09:09,790 - [04-barry-white.chor] Line 19: wait 0.5s (0.51s)
2025-12-14 07:09:09,791 - [04-barry-white.chor] Line 21: set speed 0.18 frps (0.0s)
2025-12-14 07:09:09,803 - [04-barry-white.chor] Line 23: move motor 1 0.3% (0.0s)
2025-12-14 07:09:09,804 - [04-barry-white.chor] Line 24: move motor 2 0.2% (0.0s)
2025-12-14 07:09:09,805 - [04-barry-white.chor] Line 25: move motor 4 0.25% (0.0s)
2025-12-14 07:09:12,220 - [04-barry-white.chor] Line 25: sync command (2.428s)
2025-12-14 07:09:12,731 - [04-barry-white.chor] Line 27: wait 0.5s (0.51s)
2025-12-14 07:09:12,732 - [04-barry-white.chor] Line 30: set speed 0.25 frps (0.0s)
2025-12-14 07:09:12,743 - [04-barry-white.chor] Line 32: move motor 1 0.75% (0.0s)
2025-12-14 07:09:12,744 - [04-barry-white.chor] Line 33: move motor 2 0.65% (0.0s)
2025-12-14 07:09:12,745 - [04-barry-white.chor] Line 34: move motor 4 0.7% (0.0s)
2025-12-14 07:09:15,695 - [04-barry-white.chor] Line 34: sync command (2.962s)
2025-12-14 07:09:16,506 - [04-barry-white.chor] Line 36: wait 0.8s (0.81s)
2025-12-14 07:09:16,508 - [04-barry-white.chor] Line 40: set speed 0.3 frps (0.0s)
2025-12-14 07:09:16,519 - [04-barry-white.chor] Line 42: move motor 1 0.85% (0.0s)
2025-12-14 07:09:16,520 - [04-barry-white.chor] Line 43: move motor 2 0.8% (0.0s)
2025-12-14 07:09:16,521 - [04-barry-white.chor] Line 44: move motor 4 0.82% (0.0s)
2025-12-14 07:09:17,275 - [04-barry-white.chor] Line 44: sync command (0.767s)
2025-12-14 07:09:17,686 - [04-barry-white.chor] Line 46: wait 0.4s (0.41s)
2025-12-14 07:09:17,687 - [04-barry-white.chor] Line 48: set speed 0.35 frps (0.0s)
2025-12-14 07:09:17,697 - [04-barry-white.chor] Line 50: move motor 1 0.4% (0.0s)
2025-12-14 07:09:17,698 - [04-barry-white.chor] Line 51: move motor 2 0.35% (0.0s)
2025-12-14 07:09:17,699 - [04-barry-white.chor] Line 52: move motor 4 0.38% (0.0s)
2025-12-14 07:09:20,115 - [04-barry-white.chor] Line 52: sync command (2.428s)
2025-12-14 07:09:20,526 - [04-barry-white.chor] Line 54: wait 0.4s (0.41s)
2025-12-14 07:09:20,527 - [04-barry-white.chor] Line 40: set speed 0.3 frps (0.0s)
2025-12-14 07:09:20,538 - [04-barry-white.chor] Line 42: move motor 1 0.85% (0.0s)
2025-12-14 07:09:20,539 - [04-barry-white.chor] Line 43: move motor 2 0.8% (0.0s)
2025-12-14 07:09:20,540 - [04-barry-white.chor] Line 44: move motor 4 0.82% (0.0s)
2025-12-14 07:09:23,165 - [04-barry-white.chor] Line 44: sync command (2.638s)
2025-12-14 07:09:23,576 - [04-barry-white.chor] Line 46: wait 0.4s (0.41s)
2025-12-14 07:09:23,577 - [04-barry-white.chor] Line 48: set speed 0.35 frps (0.0s)
2025-12-14 07:09:23,588 - [04-barry-white.chor] Line 50: move motor 1 0.4% (0.0s)
2025-12-14 07:09:23,589 - [04-barry-white.chor] Line 51: move motor 2 0.35% (0.0s)
2025-12-14 07:09:23,590 - [04-barry-white.chor] Line 52: move motor 4 0.38% (0.0s)
2025-12-14 07:09:26,143 - [04-barry-white.chor] Line 52: sync command (2.565s)
2025-12-14 07:09:26,555 - [04-barry-white.chor] Line 54: wait 0.4s (0.41s)
2025-12-14 07:09:26,555 - [04-barry-white.chor] Line 58: set speed 0.15 frps (0.0s)
2025-12-14 07:09:26,556 - [04-barry-white.chor] Line 59: move motor 1 0.9% (0.0s)
2025-12-14 07:09:31,153 - [04-barry-white.chor] Line 60: wait 0.3s (4.596s)
2025-12-14 07:09:31,156 - [04-barry-white.chor] Line 61: move motor 2 0.85% (0.0s)
2025-12-14 07:09:35,363 - [04-barry-white.chor] Line 62: wait 0.3s (4.207s)
2025-12-14 07:09:35,364 - [04-barry-white.chor] Line 63: move motor 4 0.88% (0.0s)
2025-12-14 07:09:40,026 - [04-barry-white.chor] Line 64: wait 0.6s (4.661s)
2025-12-14 07:09:40,026 - [04-barry-white.chor] Line 67: set speed 0.2 frps (0.0s)
2025-12-14 07:09:40,037 - [04-barry-white.chor] Line 69: move motor 1 0.5% (0.0s)
2025-12-14 07:09:40,038 - [04-barry-white.chor] Line 70: move motor 2 0.45% (0.0s)
2025-12-14 07:09:40,038 - [04-barry-white.chor] Line 71: move motor 4 0.48% (0.0s)
2025-12-14 07:09:43,049 - [04-barry-white.chor] Line 71: sync command (3.022s)
2025-12-14 07:09:43,459 - [04-barry-white.chor] Line 73: wait 0.4s (0.41s)
2025-12-14 07:09:43,460 - [04-barry-white.chor] Line 76: set speed 0.15 frps (0.0s)
2025-12-14 07:09:43,471 - [04-barry-white.chor] Line 78: move motor 1 0.3% (0.0s)
2025-12-14 07:09:43,472 - [04-barry-white.chor] Line 79: move motor 2 0.25% (0.0s)
2025-12-14 07:09:43,473 - [04-barry-white.chor] Line 80: move motor 4 0.28% (0.0s)
2025-12-14 07:09:45,328 - [04-barry-white.chor] Line 80: sync command (1.867s)
2025-12-14 07:09:45,839 - [04-barry-white.chor] Line 82: wait 0.5s (0.51s)
2025-12-14 07:09:45,840 - [04-barry-white.chor] Line 85: set speed 0.08 frps (0.0s)
2025-12-14 07:09:45,850 - [04-barry-white.chor] Line 87: move motor 1 0.0% (0.0s)
2025-12-14 07:09:45,851 - [04-barry-white.chor] Line 88: move motor 2 0.0% (0.0s)
2025-12-14 07:09:45,851 - [04-barry-white.chor] Line 89: move motor 4 0.0% (0.0s)
2025-12-14 07:09:50,372 - [04-barry-white.chor] Line 89: sync command (4.532s)
2025-12-14 07:09:50,442 - ========== FINISHED EXECUTION: 04-barry-white.chor ==========

2025-12-14 07:09:53,538 - ========== STARTING EXECUTION: 05-al salamou 3ala dahikin.chor ==========
2025-12-14 07:09:53,539 - Choreography content:
# SCENE 13: Al Salamou 3ala Dahikin
# Each hand moves separately, far apart, very slow
# Independent movements creating expansive gestures
# Motors 1, 2, and 4
# ~40 seconds total

# Motor 1 rises slowly (slow execution ~8s)
set_frps 0.04
move(1, 0.25)
wait(2)

# Motor 2 moves to different position (slow execution ~10s)
set_frps 0.02
move(2, 0.5)
wait(1.5)

# Motor 4 goes high (slow execution ~8s)
set_frps 0.2
move(4, 0.4)
wait(1)



# Reset to zero for next scene (slow execution ~8s)
set_frps 0.06
sync {
move(1,0)
}
 
sync {
move(2,0)
}

 
sync {
move(4,0)
}

wait(3)

set_frps 10000
move(1,0.15)
move(1,0)

# Thanks madre
2025-12-14 07:09:53,539 - ============================================================
2025-12-14 07:09:53,558 - [05-al salamou 3ala dahikin.chor] Line 8: set speed 0.04 frps (0.0s)
2025-12-14 07:09:53,559 - [05-al salamou 3ala dahikin.chor] Line 9: move motor 1 0.25% (0.0s)
2025-12-14 07:10:00,473 - [05-al salamou 3ala dahikin.chor] Line 10: wait 2.0s (6.913s)
2025-12-14 07:10:00,475 - [05-al salamou 3ala dahikin.chor] Line 13: set speed 0.02 frps (0.0s)
2025-12-14 07:10:00,476 - [05-al salamou 3ala dahikin.chor] Line 14: move motor 2 0.5% (0.0s)
2025-12-14 07:10:26,364 - [05-al salamou 3ala dahikin.chor] Line 15: wait 1.5s (25.886s)
2025-12-14 07:10:26,366 - [05-al salamou 3ala dahikin.chor] Line 18: set speed 0.2 frps (0.0s)
2025-12-14 07:10:26,368 - [05-al salamou 3ala dahikin.chor] Line 19: move motor 4 0.4% (0.0s)
2025-12-14 07:10:29,393 - [05-al salamou 3ala dahikin.chor] Line 20: wait 1.0s (3.024s)
2025-12-14 07:10:29,394 - [05-al salamou 3ala dahikin.chor] Line 25: set speed 0.06 frps (0.0s)
2025-12-14 07:10:29,405 - [05-al salamou 3ala dahikin.chor] Line 27: move motor 1 0.0% (0.0s)
2025-12-14 07:10:34,240 - [05-al salamou 3ala dahikin.chor] Line 27: sync command (4.845s)
2025-12-14 07:10:34,251 - [05-al salamou 3ala dahikin.chor] Line 31: move motor 2 0.0% (0.0s)
2025-12-14 07:10:43,420 - [05-al salamou 3ala dahikin.chor] Line 31: sync command (9.18s)
2025-12-14 07:10:43,431 - [05-al salamou 3ala dahikin.chor] Line 36: move motor 4 0.0% (0.0s)
2025-12-14 07:10:51,185 - [05-al salamou 3ala dahikin.chor] Line 36: sync command (7.764s)
2025-12-14 07:10:54,197 - [05-al salamou 3ala dahikin.chor] Line 39: wait 3.0s (3.01s)
2025-12-14 07:10:54,197 - [05-al salamou 3ala dahikin.chor] Line 41: set speed 10000.0 frps (0.0s)
2025-12-14 07:10:54,198 - [05-al salamou 3ala dahikin.chor] Line 42: move motor 1 0.15% (0.0s)
2025-12-14 07:10:54,200 - [05-al salamou 3ala dahikin.chor] Line 43: move motor 1 0.0% (0.0s)
2025-12-14 07:10:55,031 - ========== FINISHED EXECUTION: 05-al salamou 3ala dahikin.chor ==========

2025-12-14 07:11:02,737 - ========== STARTING EXECUTION: 06-icarus.chor ==========
2025-12-14 07:11:02,738 - Choreography content:
# Total time: ~9 seconds
# Simple rise and fall motion with motors 1 and 2

set_frps 0.02
sync {
  move(1, 0.15)
  move(2, 0.15)

}

sync {
move(1, 0)
move(2, 0)
}
2025-12-14 07:11:02,739 - ============================================================
2025-12-14 07:11:02,752 - [06-icarus.chor] Line 4: set speed 0.02 frps (0.0s)
2025-12-14 07:11:02,763 - [06-icarus.chor] Line 6: move motor 1 0.15% (0.0s)
2025-12-14 07:11:02,764 - [06-icarus.chor] Line 7: move motor 2 0.15% (0.0s)
2025-12-14 07:11:10,615 - [06-icarus.chor] Line 7: sync command (7.862s)
2025-12-14 07:11:10,626 - [06-icarus.chor] Line 12: move motor 1 0.0% (0.0s)
2025-12-14 07:11:10,627 - [06-icarus.chor] Line 13: move motor 2 0.0% (0.0s)
2025-12-14 07:11:18,496 - [06-icarus.chor] Line 13: sync command (7.881s)
2025-12-14 07:11:18,569 - ========== FINISHED EXECUTION: 06-icarus.chor ==========

2025-12-14 07:11:24,493 - ========== STARTING EXECUTION: 07-palestine.chor ==========
2025-12-14 07:11:24,493 - Choreography content:


# Total time: ~28 seconds
# Very slow single motor movement up and down on motor 4

repeat 1 {
set_frps 0.015
sync{
  move (4,0.2)
 }
set_frps 0.015
sync{
  move(4,0)
 }

}
2025-12-14 07:11:24,493 - ============================================================
2025-12-14 07:11:24,510 - [07-palestine.chor] Line 7: set speed 0.015 frps (0.0s)
2025-12-14 07:11:24,521 - [07-palestine.chor] Line 9: move motor 4 0.2% (0.0s)
2025-12-14 07:11:38,393 - [07-palestine.chor] Line 9: sync command (13.882s)
2025-12-14 07:11:38,393 - [07-palestine.chor] Line 11: set speed 0.015 frps (0.0s)
2025-12-14 07:11:38,404 - [07-palestine.chor] Line 13: move motor 4 0.0% (0.0s)
2025-12-14 07:11:52,273 - [07-palestine.chor] Line 13: sync command (13.88s)
2025-12-14 07:11:52,419 - ========== FINISHED EXECUTION: 07-palestine.chor ==========

2025-12-14 07:12:02,745 - ========== STARTING EXECUTION: 11-Final-1-disorientation.chor ==========
2025-12-14 07:12:02,746 - Choreography content:
## shouf el dakhne after the explosion - hessin ma3on raboo
set_frps 0.02
sync {
    move(1, 0.1)
    move(2, 0.1)
    move(4, 0.1)
}
wait(0.2)

sync {
    move(1, 0.2)
    move(2, 0.2)
    move(4, 0.2)
}

wait(0.2)

sync {
    move(1, 0.3)
    move(2, 0.3)
    move(4, 0.3)
}

wait(0.2)

sync {
    move(1, 0.4)
    move(2, 0.4)
    move(4, 0.4)
}


wait(0.2)

sync {
    move(1, 0.5)
    move(2, 0.5)
    move(4, 0.5)
}

wait(0.2)

sync {
    move(1, 0.6)
    move(2, 0.6)
    move(4, 0.6)
}

wait(0.2)

sync {
    move(1, 0.7)
    move(2, 0.7)
    move(4, 0.7)
}

wait(0.2)

sync {
    move(1, 0.8)
    move(2, 0.8)
    move(4, 0.8)
}

wait(0.2)

sync {
    move(1, 0.9)
    move(2, 0.8)
    move(4, 0.9)
}


2025-12-14 07:12:02,747 - ============================================================
2025-12-14 07:12:02,773 - [11-Final-1-disorientation.chor] Line 2: set speed 0.02 frps (0.0s)
2025-12-14 07:12:02,784 - [11-Final-1-disorientation.chor] Line 4: move motor 1 0.1% (0.0s)
2025-12-14 07:12:02,784 - [11-Final-1-disorientation.chor] Line 5: move motor 2 0.1% (0.0s)
2025-12-14 07:12:02,785 - [11-Final-1-disorientation.chor] Line 6: move motor 4 0.1% (0.0s)
2025-12-14 07:12:08,047 - [11-Final-1-disorientation.chor] Line 6: sync command (5.274s)
2025-12-14 07:12:08,258 - [11-Final-1-disorientation.chor] Line 8: wait 0.2s (0.21s)
2025-12-14 07:12:08,269 - [11-Final-1-disorientation.chor] Line 11: move motor 1 0.2% (0.0s)
2025-12-14 07:12:08,269 - [11-Final-1-disorientation.chor] Line 12: move motor 2 0.2% (0.0s)
2025-12-14 07:12:08,270 - [11-Final-1-disorientation.chor] Line 13: move motor 4 0.2% (0.0s)
2025-12-14 07:12:13,533 - [11-Final-1-disorientation.chor] Line 13: sync command (5.275s)
2025-12-14 07:12:13,745 - [11-Final-1-disorientation.chor] Line 16: wait 0.2s (0.21s)
2025-12-14 07:12:13,756 - [11-Final-1-disorientation.chor] Line 19: move motor 1 0.3% (0.0s)
2025-12-14 07:12:13,757 - [11-Final-1-disorientation.chor] Line 20: move motor 2 0.3% (0.0s)
2025-12-14 07:12:13,758 - [11-Final-1-disorientation.chor] Line 21: move motor 4 0.3% (0.0s)
2025-12-14 07:12:19,021 - [11-Final-1-disorientation.chor] Line 21: sync command (5.275s)
2025-12-14 07:12:19,233 - [11-Final-1-disorientation.chor] Line 24: wait 0.2s (0.21s)
2025-12-14 07:12:19,245 - [11-Final-1-disorientation.chor] Line 27: move motor 1 0.4% (0.0s)
2025-12-14 07:12:19,246 - [11-Final-1-disorientation.chor] Line 28: move motor 2 0.4% (0.0s)
2025-12-14 07:12:19,248 - [11-Final-1-disorientation.chor] Line 29: move motor 4 0.4% (0.0s)
2025-12-14 07:12:24,522 - [11-Final-1-disorientation.chor] Line 29: sync command (5.288s)
2025-12-14 07:12:24,733 - [11-Final-1-disorientation.chor] Line 33: wait 0.2s (0.21s)
2025-12-14 07:12:24,744 - [11-Final-1-disorientation.chor] Line 36: move motor 1 0.5% (0.0s)
2025-12-14 07:12:24,744 - [11-Final-1-disorientation.chor] Line 37: move motor 2 0.5% (0.0s)
2025-12-14 07:12:24,744 - [11-Final-1-disorientation.chor] Line 38: move motor 4 0.5% (0.0s)
2025-12-14 07:12:30,019 - [11-Final-1-disorientation.chor] Line 38: sync command (5.286s)
2025-12-14 07:12:30,230 - [11-Final-1-disorientation.chor] Line 41: wait 0.2s (0.21s)
2025-12-14 07:12:30,241 - [11-Final-1-disorientation.chor] Line 44: move motor 1 0.6% (0.0s)
2025-12-14 07:12:30,241 - [11-Final-1-disorientation.chor] Line 45: move motor 2 0.6% (0.0s)
2025-12-14 07:12:30,242 - [11-Final-1-disorientation.chor] Line 46: move motor 4 0.6% (0.0s)
2025-12-14 07:12:35,517 - [11-Final-1-disorientation.chor] Line 46: sync command (5.287s)
2025-12-14 07:12:35,728 - [11-Final-1-disorientation.chor] Line 49: wait 0.2s (0.21s)
2025-12-14 07:12:35,739 - [11-Final-1-disorientation.chor] Line 52: move motor 1 0.7% (0.0s)
2025-12-14 07:12:35,739 - [11-Final-1-disorientation.chor] Line 53: move motor 2 0.7% (0.0s)
2025-12-14 07:12:35,740 - [11-Final-1-disorientation.chor] Line 54: move motor 4 0.7% (0.0s)
2025-12-14 07:12:41,020 - [11-Final-1-disorientation.chor] Line 54: sync command (5.29s)
2025-12-14 07:12:41,231 - [11-Final-1-disorientation.chor] Line 57: wait 0.2s (0.21s)
2025-12-14 07:12:41,242 - [11-Final-1-disorientation.chor] Line 60: move motor 1 0.8% (0.0s)
2025-12-14 07:12:41,242 - [11-Final-1-disorientation.chor] Line 61: move motor 2 0.8% (0.0s)
2025-12-14 07:12:41,243 - [11-Final-1-disorientation.chor] Line 62: move motor 4 0.8% (0.0s)
2025-12-14 07:12:46,510 - [11-Final-1-disorientation.chor] Line 62: sync command (5.279s)
2025-12-14 07:12:46,721 - [11-Final-1-disorientation.chor] Line 65: wait 0.2s (0.21s)
2025-12-14 07:12:46,732 - [11-Final-1-disorientation.chor] Line 68: move motor 1 0.9% (0.0s)
2025-12-14 07:12:46,732 - [11-Final-1-disorientation.chor] Line 69: move motor 2 0.8% (0.0s)
2025-12-14 07:12:46,733 - [11-Final-1-disorientation.chor] Line 70: move motor 4 0.9% (0.0s)
2025-12-14 07:12:51,998 - [11-Final-1-disorientation.chor] Line 70: sync command (5.277s)
2025-12-14 07:12:52,073 - ========== FINISHED EXECUTION: 11-Final-1-disorientation.chor ==========

2025-12-14 07:13:01,494 - ========== STARTING EXECUTION: 11-Final-2-before-shegoestohisback.chor ==========
2025-12-14 07:13:01,496 - Choreography content:

# 3ajjel  dob el radem bukra byekhla2ouna wledna w bishufo 4 seconds after that- here when she want to get on his back

# resets and shakes twice

set_frps 200
sync {
    move(1, 0)
    move(2, 0)
    move(4, 0)
    move(3,0)

}

# HERE
# Shake up/down with crescendo at 4 FRPS - varied movement

repeat 3
{
set_frps 4.0

# Crescendo shakes — increasing amplitude with asymmetric movement
sync { move(1, 0.65) move(2, 0.63) move(4, 0.64) }   # baseline - raised

# Small shake - alternating leads
sync { move(1, 0.68) move(2, 0.60) move(4, 0.66) }
sync { move(1, 0.62) move(2, 0.66) move(4, 0.63) }
sync { move(1, 0.66) move(2, 0.62) move(4, 0.68) }

# Medium shake - more varied rhythm
sync { move(1, 0.70) move(2, 0.58) move(4, 0.67) }
sync { move(1, 0.60) move(2, 0.68) move(4, 0.61) }
sync { move(1, 0.68) move(2, 0.60) move(4, 0.69) }
sync { move(1, 0.62) move(2, 0.66) move(4, 0.60) }

# Large shake (crescendo peak) - complex patterns
sync { move(1, 0.72) move(2, 0.56) move(4, 0.70) }
sync { move(1, 0.58) move(2, 0.70) move(4, 0.59) }
sync { move(1, 0.70) move(2, 0.58) move(4, 0.71) }
sync { move(1, 0.60) move(2, 0.68) move(4, 0.58) }
sync { move(1, 0.69) move(2, 0.59) move(4, 0.69) }

wait(0.5)

# Settle center (higher position)
set_frps 0.06
sync {
    move(1, 0.65)
    move(2, 0.63)
    move(4, 0.64)
}
}


# knock



# HERE
# Shake up/down with crescendo at 4 FRPS

repeat 3
{
set_frps 4.0

# Crescendo shakes — increasing amplitude
sync { move(1, 0.50) move(2, 0.48) move(4, 0.49) }   # baseline

# Small shake
sync { move(1, 0.52) move(2, 0.46) move(4, 0.51) }
sync { move(1, 0.48) move(2, 0.50) move(4, 0.47) }

# Medium shake
sync { move(1, 0.54) move(2, 0.44) move(4, 0.53) }
sync { move(1, 0.46) move(2, 0.52) move(4, 0.45) }

# Large shake (crescendo peak)
sync { move(1, 0.56) move(2, 0.42) move(4, 0.55) }
sync { move(1, 0.44) move(2, 0.54) move(4, 0.43) }

wait(0.5)

# Settle center
set_frps 0.5
sync {
    move(1, 0.5)
    move(2, 0.48)
    move(4, 0.49)
}
}

2025-12-14 07:13:01,497 - ============================================================
2025-12-14 07:13:01,587 - [11-Final-2-before-shegoestohisback.chor] Line 6: set speed 200.0 frps (0.0s)
2025-12-14 07:13:01,598 - [11-Final-2-before-shegoestohisback.chor] Line 8: move motor 1 0.0% (0.0s)
2025-12-14 07:13:01,599 - [11-Final-2-before-shegoestohisback.chor] Line 9: move motor 2 0.0% (0.0s)
2025-12-14 07:13:01,600 - [11-Final-2-before-shegoestohisback.chor] Line 10: move motor 4 0.0% (0.0s)
2025-12-14 07:13:01,601 - [11-Final-2-before-shegoestohisback.chor] Line 11: move motor 3 0.0% (0.0s)
2025-12-14 07:13:03,875 - [11-Final-2-before-shegoestohisback.chor] Line 11: sync command (2.287s)
2025-12-14 07:13:03,878 - [11-Final-2-before-shegoestohisback.chor] Line 20: set speed 4.0 frps (0.0s)
2025-12-14 07:13:03,889 - [11-Final-2-before-shegoestohisback.chor] Line 23: move motor 1 0.65% (0.0s)
2025-12-14 07:13:03,891 - [11-Final-2-before-shegoestohisback.chor] Line 23: move motor 2 0.63% (0.0s)
2025-12-14 07:13:03,891 - [11-Final-2-before-shegoestohisback.chor] Line 23: move motor 4 0.64% (0.0s)
2025-12-14 07:13:05,693 - [11-Final-2-before-shegoestohisback.chor] Line 23: sync command (1.814s)
2025-12-14 07:13:05,704 - [11-Final-2-before-shegoestohisback.chor] Line 26: move motor 1 0.68% (0.0s)
2025-12-14 07:13:05,705 - [11-Final-2-before-shegoestohisback.chor] Line 26: move motor 2 0.6% (0.0s)
2025-12-14 07:13:05,706 - [11-Final-2-before-shegoestohisback.chor] Line 26: move motor 4 0.66% (0.0s)
2025-12-14 07:13:05,797 - [11-Final-2-before-shegoestohisback.chor] Line 26: sync command (0.104s)
2025-12-14 07:13:05,808 - [11-Final-2-before-shegoestohisback.chor] Line 27: move motor 1 0.62% (0.0s)
2025-12-14 07:13:05,809 - [11-Final-2-before-shegoestohisback.chor] Line 27: move motor 2 0.66% (0.0s)
2025-12-14 07:13:05,810 - [11-Final-2-before-shegoestohisback.chor] Line 27: move motor 4 0.63% (0.0s)
2025-12-14 07:13:05,982 - [11-Final-2-before-shegoestohisback.chor] Line 27: sync command (0.184s)
2025-12-14 07:13:05,993 - [11-Final-2-before-shegoestohisback.chor] Line 28: move motor 1 0.66% (0.0s)
2025-12-14 07:13:05,993 - [11-Final-2-before-shegoestohisback.chor] Line 28: move motor 2 0.62% (0.0s)
2025-12-14 07:13:05,995 - [11-Final-2-before-shegoestohisback.chor] Line 28: move motor 4 0.68% (0.0s)
2025-12-14 07:13:06,136 - [11-Final-2-before-shegoestohisback.chor] Line 28: sync command (0.154s)
2025-12-14 07:13:06,147 - [11-Final-2-before-shegoestohisback.chor] Line 31: move motor 1 0.7% (0.0s)
2025-12-14 07:13:06,148 - [11-Final-2-before-shegoestohisback.chor] Line 31: move motor 2 0.58% (0.0s)
2025-12-14 07:13:06,149 - [11-Final-2-before-shegoestohisback.chor] Line 31: move motor 4 0.67% (0.0s)
2025-12-14 07:13:06,261 - [11-Final-2-before-shegoestohisback.chor] Line 31: sync command (0.124s)
2025-12-14 07:13:06,271 - [11-Final-2-before-shegoestohisback.chor] Line 32: move motor 1 0.6% (0.0s)
2025-12-14 07:13:06,272 - [11-Final-2-before-shegoestohisback.chor] Line 32: move motor 2 0.68% (0.0s)
2025-12-14 07:13:06,273 - [11-Final-2-before-shegoestohisback.chor] Line 32: move motor 4 0.61% (0.0s)
2025-12-14 07:13:06,556 - [11-Final-2-before-shegoestohisback.chor] Line 32: sync command (0.295s)
2025-12-14 07:13:06,567 - [11-Final-2-before-shegoestohisback.chor] Line 33: move motor 1 0.68% (0.0s)
2025-12-14 07:13:06,567 - [11-Final-2-before-shegoestohisback.chor] Line 33: move motor 2 0.6% (0.0s)
2025-12-14 07:13:06,568 - [11-Final-2-before-shegoestohisback.chor] Line 33: move motor 4 0.69% (0.0s)
2025-12-14 07:13:06,821 - [11-Final-2-before-shegoestohisback.chor] Line 33: sync command (0.264s)
2025-12-14 07:13:06,832 - [11-Final-2-before-shegoestohisback.chor] Line 34: move motor 1 0.62% (0.0s)
2025-12-14 07:13:06,834 - [11-Final-2-before-shegoestohisback.chor] Line 34: move motor 2 0.66% (0.0s)
2025-12-14 07:13:06,835 - [11-Final-2-before-shegoestohisback.chor] Line 34: move motor 4 0.6% (0.0s)
2025-12-14 07:13:07,118 - [11-Final-2-before-shegoestohisback.chor] Line 34: sync command (0.296s)
2025-12-14 07:13:07,129 - [11-Final-2-before-shegoestohisback.chor] Line 37: move motor 1 0.72% (0.0s)
2025-12-14 07:13:07,131 - [11-Final-2-before-shegoestohisback.chor] Line 37: move motor 2 0.56% (0.0s)
2025-12-14 07:13:07,132 - [11-Final-2-before-shegoestohisback.chor] Line 37: move motor 4 0.7% (0.0s)
2025-12-14 07:13:07,456 - [11-Final-2-before-shegoestohisback.chor] Line 37: sync command (0.337s)
2025-12-14 07:13:07,467 - [11-Final-2-before-shegoestohisback.chor] Line 38: move motor 1 0.58% (0.0s)
2025-12-14 07:13:07,469 - [11-Final-2-before-shegoestohisback.chor] Line 38: move motor 2 0.7% (0.001s)
2025-12-14 07:13:07,471 - [11-Final-2-before-shegoestohisback.chor] Line 38: move motor 4 0.59% (0.001s)
2025-12-14 07:13:07,854 - [11-Final-2-before-shegoestohisback.chor] Line 38: sync command (0.398s)
2025-12-14 07:13:07,865 - [11-Final-2-before-shegoestohisback.chor] Line 39: move motor 1 0.7% (0.0s)
2025-12-14 07:13:07,866 - [11-Final-2-before-shegoestohisback.chor] Line 39: move motor 2 0.58% (0.0s)
2025-12-14 07:13:07,867 - [11-Final-2-before-shegoestohisback.chor] Line 39: move motor 4 0.71% (0.0s)
2025-12-14 07:13:08,199 - [11-Final-2-before-shegoestohisback.chor] Line 39: sync command (0.345s)
2025-12-14 07:13:08,210 - [11-Final-2-before-shegoestohisback.chor] Line 40: move motor 1 0.6% (0.0s)
2025-12-14 07:13:08,211 - [11-Final-2-before-shegoestohisback.chor] Line 40: move motor 2 0.68% (0.0s)
2025-12-14 07:13:08,212 - [11-Final-2-before-shegoestohisback.chor] Line 40: move motor 4 0.58% (0.0s)
2025-12-14 07:13:08,585 - [11-Final-2-before-shegoestohisback.chor] Line 40: sync command (0.385s)
2025-12-14 07:13:08,596 - [11-Final-2-before-shegoestohisback.chor] Line 41: move motor 1 0.69% (0.0s)
2025-12-14 07:13:08,597 - [11-Final-2-before-shegoestohisback.chor] Line 41: move motor 2 0.59% (0.0s)
2025-12-14 07:13:08,598 - [11-Final-2-before-shegoestohisback.chor] Line 41: move motor 4 0.69% (0.0s)
2025-12-14 07:13:08,911 - [11-Final-2-before-shegoestohisback.chor] Line 41: sync command (0.325s)
2025-12-14 07:13:09,421 - [11-Final-2-before-shegoestohisback.chor] Line 43: wait 0.5s (0.51s)
2025-12-14 07:13:09,422 - [11-Final-2-before-shegoestohisback.chor] Line 46: set speed 0.06 frps (0.0s)
2025-12-14 07:13:09,433 - [11-Final-2-before-shegoestohisback.chor] Line 48: move motor 1 0.65% (0.0s)
2025-12-14 07:13:09,433 - [11-Final-2-before-shegoestohisback.chor] Line 49: move motor 2 0.63% (0.0s)
2025-12-14 07:13:09,434 - [11-Final-2-before-shegoestohisback.chor] Line 50: move motor 4 0.64% (0.0s)
2025-12-14 07:13:10,400 - [11-Final-2-before-shegoestohisback.chor] Line 50: sync command (0.977s)
2025-12-14 07:13:10,400 - [11-Final-2-before-shegoestohisback.chor] Line 20: set speed 4.0 frps (0.0s)
2025-12-14 07:13:10,411 - [11-Final-2-before-shegoestohisback.chor] Line 23: move motor 1 0.65% (0.0s)
2025-12-14 07:13:10,412 - [11-Final-2-before-shegoestohisback.chor] Line 23: move motor 2 0.63% (0.0s)
2025-12-14 07:13:10,413 - [11-Final-2-before-shegoestohisback.chor] Line 23: move motor 4 0.64% (0.0s)
2025-12-14 07:13:10,424 - [11-Final-2-before-shegoestohisback.chor] Line 23: sync command (0.023s)
2025-12-14 07:13:10,434 - [11-Final-2-before-shegoestohisback.chor] Line 26: move motor 1 0.68% (0.0s)
2025-12-14 07:13:10,436 - [11-Final-2-before-shegoestohisback.chor] Line 26: move motor 2 0.6% (0.0s)
2025-12-14 07:13:10,437 - [11-Final-2-before-shegoestohisback.chor] Line 26: move motor 4 0.66% (0.0s)
2025-12-14 07:13:10,528 - [11-Final-2-before-shegoestohisback.chor] Line 26: sync command (0.104s)
2025-12-14 07:13:10,539 - [11-Final-2-before-shegoestohisback.chor] Line 27: move motor 1 0.62% (0.0s)
2025-12-14 07:13:10,540 - [11-Final-2-before-shegoestohisback.chor] Line 27: move motor 2 0.66% (0.0s)
2025-12-14 07:13:10,541 - [11-Final-2-before-shegoestohisback.chor] Line 27: move motor 4 0.63% (0.0s)
2025-12-14 07:13:10,723 - [11-Final-2-before-shegoestohisback.chor] Line 27: sync command (0.194s)
2025-12-14 07:13:10,734 - [11-Final-2-before-shegoestohisback.chor] Line 28: move motor 1 0.66% (0.0s)
2025-12-14 07:13:10,735 - [11-Final-2-before-shegoestohisback.chor] Line 28: move motor 2 0.62% (0.0s)
2025-12-14 07:13:10,736 - [11-Final-2-before-shegoestohisback.chor] Line 28: move motor 4 0.68% (0.0s)
2025-12-14 07:13:10,877 - [11-Final-2-before-shegoestohisback.chor] Line 28: sync command (0.154s)
2025-12-14 07:13:10,888 - [11-Final-2-before-shegoestohisback.chor] Line 31: move motor 1 0.7% (0.0s)
2025-12-14 07:13:10,889 - [11-Final-2-before-shegoestohisback.chor] Line 31: move motor 2 0.58% (0.0s)
2025-12-14 07:13:10,890 - [11-Final-2-before-shegoestohisback.chor] Line 31: move motor 4 0.67% (0.0s)
2025-12-14 07:13:11,001 - [11-Final-2-before-shegoestohisback.chor] Line 31: sync command (0.123s)
2025-12-14 07:13:11,012 - [11-Final-2-before-shegoestohisback.chor] Line 32: move motor 1 0.6% (0.0s)
2025-12-14 07:13:11,013 - [11-Final-2-before-shegoestohisback.chor] Line 32: move motor 2 0.68% (0.0s)
2025-12-14 07:13:11,013 - [11-Final-2-before-shegoestohisback.chor] Line 32: move motor 4 0.61% (0.0s)
2025-12-14 07:13:11,296 - [11-Final-2-before-shegoestohisback.chor] Line 32: sync command (0.294s)
2025-12-14 07:13:11,307 - [11-Final-2-before-shegoestohisback.chor] Line 33: move motor 1 0.68% (0.0s)
2025-12-14 07:13:11,307 - [11-Final-2-before-shegoestohisback.chor] Line 33: move motor 2 0.6% (0.0s)
2025-12-14 07:13:11,308 - [11-Final-2-before-shegoestohisback.chor] Line 33: move motor 4 0.69% (0.0s)
2025-12-14 07:13:11,530 - [11-Final-2-before-shegoestohisback.chor] Line 33: sync command (0.234s)
2025-12-14 07:13:11,541 - [11-Final-2-before-shegoestohisback.chor] Line 34: move motor 1 0.62% (0.0s)
2025-12-14 07:13:11,542 - [11-Final-2-before-shegoestohisback.chor] Line 34: move motor 2 0.66% (0.0s)
2025-12-14 07:13:11,543 - [11-Final-2-before-shegoestohisback.chor] Line 34: move motor 4 0.6% (0.0s)
2025-12-14 07:13:11,795 - [11-Final-2-before-shegoestohisback.chor] Line 34: sync command (0.264s)
2025-12-14 07:13:11,806 - [11-Final-2-before-shegoestohisback.chor] Line 37: move motor 1 0.72% (0.0s)
2025-12-14 07:13:11,807 - [11-Final-2-before-shegoestohisback.chor] Line 37: move motor 2 0.56% (0.0s)
2025-12-14 07:13:11,808 - [11-Final-2-before-shegoestohisback.chor] Line 37: move motor 4 0.7% (0.0s)
2025-12-14 07:13:12,090 - [11-Final-2-before-shegoestohisback.chor] Line 37: sync command (0.295s)
2025-12-14 07:13:12,101 - [11-Final-2-before-shegoestohisback.chor] Line 38: move motor 1 0.58% (0.0s)
2025-12-14 07:13:12,102 - [11-Final-2-before-shegoestohisback.chor] Line 38: move motor 2 0.7% (0.0s)
2025-12-14 07:13:12,103 - [11-Final-2-before-shegoestohisback.chor] Line 38: move motor 4 0.59% (0.0s)
2025-12-14 07:13:12,486 - [11-Final-2-before-shegoestohisback.chor] Line 38: sync command (0.395s)
2025-12-14 07:13:12,499 - [11-Final-2-before-shegoestohisback.chor] Line 39: move motor 1 0.7% (0.001s)
2025-12-14 07:13:12,502 - [11-Final-2-before-shegoestohisback.chor] Line 39: move motor 2 0.58% (0.0s)
2025-12-14 07:13:12,504 - [11-Final-2-before-shegoestohisback.chor] Line 39: move motor 4 0.71% (0.0s)
2025-12-14 07:13:12,909 - [11-Final-2-before-shegoestohisback.chor] Line 39: sync command (0.421s)
2025-12-14 07:13:12,921 - [11-Final-2-before-shegoestohisback.chor] Line 40: move motor 1 0.6% (0.001s)
2025-12-14 07:13:12,923 - [11-Final-2-before-shegoestohisback.chor] Line 40: move motor 2 0.68% (0.001s)
2025-12-14 07:13:12,925 - [11-Final-2-before-shegoestohisback.chor] Line 40: move motor 4 0.58% (0.001s)
2025-12-14 07:13:13,319 - [11-Final-2-before-shegoestohisback.chor] Line 40: sync command (0.409s)
2025-12-14 07:13:13,331 - [11-Final-2-before-shegoestohisback.chor] Line 41: move motor 1 0.69% (0.0s)
2025-12-14 07:13:13,332 - [11-Final-2-before-shegoestohisback.chor] Line 41: move motor 2 0.59% (0.0s)
2025-12-14 07:13:13,334 - [11-Final-2-before-shegoestohisback.chor] Line 41: move motor 4 0.69% (0.0s)
2025-12-14 07:13:13,678 - [11-Final-2-before-shegoestohisback.chor] Line 41: sync command (0.357s)
2025-12-14 07:13:14,189 - [11-Final-2-before-shegoestohisback.chor] Line 43: wait 0.5s (0.51s)
2025-12-14 07:13:14,189 - [11-Final-2-before-shegoestohisback.chor] Line 46: set speed 0.06 frps (0.0s)
2025-12-14 07:13:14,200 - [11-Final-2-before-shegoestohisback.chor] Line 48: move motor 1 0.65% (0.0s)
2025-12-14 07:13:14,201 - [11-Final-2-before-shegoestohisback.chor] Line 49: move motor 2 0.63% (0.0s)
2025-12-14 07:13:14,201 - [11-Final-2-before-shegoestohisback.chor] Line 50: move motor 4 0.64% (0.0s)
2025-12-14 07:13:15,159 - [11-Final-2-before-shegoestohisback.chor] Line 50: sync command (0.969s)
2025-12-14 07:13:15,159 - [11-Final-2-before-shegoestohisback.chor] Line 20: set speed 4.0 frps (0.0s)
2025-12-14 07:13:15,170 - [11-Final-2-before-shegoestohisback.chor] Line 23: move motor 1 0.65% (0.0s)
2025-12-14 07:13:15,171 - [11-Final-2-before-shegoestohisback.chor] Line 23: move motor 2 0.63% (0.0s)
2025-12-14 07:13:15,172 - [11-Final-2-before-shegoestohisback.chor] Line 23: move motor 4 0.64% (0.0s)
2025-12-14 07:13:15,183 - [11-Final-2-before-shegoestohisback.chor] Line 23: sync command (0.023s)
2025-12-14 07:13:15,194 - [11-Final-2-before-shegoestohisback.chor] Line 26: move motor 1 0.68% (0.0s)
2025-12-14 07:13:15,195 - [11-Final-2-before-shegoestohisback.chor] Line 26: move motor 2 0.6% (0.0s)
2025-12-14 07:13:15,196 - [11-Final-2-before-shegoestohisback.chor] Line 26: move motor 4 0.66% (0.0s)
2025-12-14 07:13:15,287 - [11-Final-2-before-shegoestohisback.chor] Line 26: sync command (0.103s)
2025-12-14 07:13:15,298 - [11-Final-2-before-shegoestohisback.chor] Line 27: move motor 1 0.62% (0.0s)
2025-12-14 07:13:15,299 - [11-Final-2-before-shegoestohisback.chor] Line 27: move motor 2 0.66% (0.0s)
2025-12-14 07:13:15,300 - [11-Final-2-before-shegoestohisback.chor] Line 27: move motor 4 0.63% (0.0s)
2025-12-14 07:13:15,472 - [11-Final-2-before-shegoestohisback.chor] Line 27: sync command (0.184s)
2025-12-14 07:13:15,483 - [11-Final-2-before-shegoestohisback.chor] Line 28: move motor 1 0.66% (0.0s)
2025-12-14 07:13:15,484 - [11-Final-2-before-shegoestohisback.chor] Line 28: move motor 2 0.62% (0.0s)
2025-12-14 07:13:15,485 - [11-Final-2-before-shegoestohisback.chor] Line 28: move motor 4 0.68% (0.0s)
2025-12-14 07:13:15,626 - [11-Final-2-before-shegoestohisback.chor] Line 28: sync command (0.154s)
2025-12-14 07:13:15,637 - [11-Final-2-before-shegoestohisback.chor] Line 31: move motor 1 0.7% (0.0s)
2025-12-14 07:13:15,638 - [11-Final-2-before-shegoestohisback.chor] Line 31: move motor 2 0.58% (0.0s)
2025-12-14 07:13:15,639 - [11-Final-2-before-shegoestohisback.chor] Line 31: move motor 4 0.67% (0.0s)
2025-12-14 07:13:15,750 - [11-Final-2-before-shegoestohisback.chor] Line 31: sync command (0.124s)
2025-12-14 07:13:15,761 - [11-Final-2-before-shegoestohisback.chor] Line 32: move motor 1 0.6% (0.0s)
2025-12-14 07:13:15,762 - [11-Final-2-before-shegoestohisback.chor] Line 32: move motor 2 0.68% (0.0s)
2025-12-14 07:13:15,764 - [11-Final-2-before-shegoestohisback.chor] Line 32: move motor 4 0.61% (0.0s)
2025-12-14 07:13:16,056 - [11-Final-2-before-shegoestohisback.chor] Line 32: sync command (0.305s)
2025-12-14 07:13:16,067 - [11-Final-2-before-shegoestohisback.chor] Line 33: move motor 1 0.68% (0.0s)
2025-12-14 07:13:16,068 - [11-Final-2-before-shegoestohisback.chor] Line 33: move motor 2 0.6% (0.0s)
2025-12-14 07:13:16,069 - [11-Final-2-before-shegoestohisback.chor] Line 33: move motor 4 0.69% (0.0s)
2025-12-14 07:13:16,291 - [11-Final-2-before-shegoestohisback.chor] Line 33: sync command (0.234s)
2025-12-14 07:13:16,302 - [11-Final-2-before-shegoestohisback.chor] Line 34: move motor 1 0.62% (0.0s)
2025-12-14 07:13:16,302 - [11-Final-2-before-shegoestohisback.chor] Line 34: move motor 2 0.66% (0.0s)
2025-12-14 07:13:16,303 - [11-Final-2-before-shegoestohisback.chor] Line 34: move motor 4 0.6% (0.0s)
2025-12-14 07:13:16,556 - [11-Final-2-before-shegoestohisback.chor] Line 34: sync command (0.265s)
2025-12-14 07:13:16,567 - [11-Final-2-before-shegoestohisback.chor] Line 37: move motor 1 0.72% (0.0s)
2025-12-14 07:13:16,568 - [11-Final-2-before-shegoestohisback.chor] Line 37: move motor 2 0.56% (0.0s)
2025-12-14 07:13:16,568 - [11-Final-2-before-shegoestohisback.chor] Line 37: move motor 4 0.7% (0.0s)
2025-12-14 07:13:16,851 - [11-Final-2-before-shegoestohisback.chor] Line 37: sync command (0.295s)
2025-12-14 07:13:16,863 - [11-Final-2-before-shegoestohisback.chor] Line 38: move motor 1 0.58% (0.001s)
2025-12-14 07:13:16,864 - [11-Final-2-before-shegoestohisback.chor] Line 38: move motor 2 0.7% (0.001s)
2025-12-14 07:13:16,866 - [11-Final-2-before-shegoestohisback.chor] Line 38: move motor 4 0.59% (0.0s)
2025-12-14 07:13:17,239 - [11-Final-2-before-shegoestohisback.chor] Line 38: sync command (0.388s)
2025-12-14 07:13:17,250 - [11-Final-2-before-shegoestohisback.chor] Line 39: move motor 1 0.7% (0.0s)
2025-12-14 07:13:17,251 - [11-Final-2-before-shegoestohisback.chor] Line 39: move motor 2 0.58% (0.0s)
2025-12-14 07:13:17,252 - [11-Final-2-before-shegoestohisback.chor] Line 39: move motor 4 0.71% (0.0s)
2025-12-14 07:13:17,585 - [11-Final-2-before-shegoestohisback.chor] Line 39: sync command (0.345s)
2025-12-14 07:13:17,596 - [11-Final-2-before-shegoestohisback.chor] Line 40: move motor 1 0.6% (0.0s)
2025-12-14 07:13:17,597 - [11-Final-2-before-shegoestohisback.chor] Line 40: move motor 2 0.68% (0.0s)
2025-12-14 07:13:17,598 - [11-Final-2-before-shegoestohisback.chor] Line 40: move motor 4 0.58% (0.0s)
2025-12-14 07:13:17,951 - [11-Final-2-before-shegoestohisback.chor] Line 40: sync command (0.366s)
2025-12-14 07:13:17,962 - [11-Final-2-before-shegoestohisback.chor] Line 41: move motor 1 0.69% (0.0s)
2025-12-14 07:13:17,963 - [11-Final-2-before-shegoestohisback.chor] Line 41: move motor 2 0.59% (0.0s)
2025-12-14 07:13:17,964 - [11-Final-2-before-shegoestohisback.chor] Line 41: move motor 4 0.69% (0.0s)
2025-12-14 07:13:18,266 - [11-Final-2-before-shegoestohisback.chor] Line 41: sync command (0.314s)
2025-12-14 07:13:18,777 - [11-Final-2-before-shegoestohisback.chor] Line 43: wait 0.5s (0.51s)
2025-12-14 07:13:18,778 - [11-Final-2-before-shegoestohisback.chor] Line 46: set speed 0.06 frps (0.0s)
2025-12-14 07:13:18,789 - [11-Final-2-before-shegoestohisback.chor] Line 48: move motor 1 0.65% (0.0s)
2025-12-14 07:13:18,791 - [11-Final-2-before-shegoestohisback.chor] Line 49: move motor 2 0.63% (0.0s)
2025-12-14 07:13:18,793 - [11-Final-2-before-shegoestohisback.chor] Line 50: move motor 4 0.64% (0.0s)
2025-12-14 07:13:19,782 - [11-Final-2-before-shegoestohisback.chor] Line 50: sync command (1.003s)
2025-12-14 07:13:19,787 - [11-Final-2-before-shegoestohisback.chor] Line 64: set speed 4.0 frps (0.0s)
2025-12-14 07:13:19,800 - [11-Final-2-before-shegoestohisback.chor] Line 67: move motor 1 0.5% (0.001s)
2025-12-14 07:13:19,804 - [11-Final-2-before-shegoestohisback.chor] Line 67: move motor 2 0.48% (0.001s)
2025-12-14 07:13:19,806 - [11-Final-2-before-shegoestohisback.chor] Line 67: move motor 4 0.49% (0.0s)
2025-12-14 07:13:20,251 - [11-Final-2-before-shegoestohisback.chor] Line 67: sync command (0.462s)
2025-12-14 07:13:20,264 - [11-Final-2-before-shegoestohisback.chor] Line 70: move motor 1 0.52% (0.0s)
2025-12-14 07:13:20,265 - [11-Final-2-before-shegoestohisback.chor] Line 70: move motor 2 0.46% (0.0s)
2025-12-14 07:13:20,266 - [11-Final-2-before-shegoestohisback.chor] Line 70: move motor 4 0.51% (0.0s)
2025-12-14 07:13:20,327 - [11-Final-2-before-shegoestohisback.chor] Line 70: sync command (0.073s)
2025-12-14 07:13:20,338 - [11-Final-2-before-shegoestohisback.chor] Line 71: move motor 1 0.48% (0.0s)
2025-12-14 07:13:20,339 - [11-Final-2-before-shegoestohisback.chor] Line 71: move motor 2 0.5% (0.0s)
2025-12-14 07:13:20,340 - [11-Final-2-before-shegoestohisback.chor] Line 71: move motor 4 0.47% (0.0s)
2025-12-14 07:13:20,451 - [11-Final-2-before-shegoestohisback.chor] Line 71: sync command (0.124s)
2025-12-14 07:13:20,462 - [11-Final-2-before-shegoestohisback.chor] Line 74: move motor 1 0.54% (0.0s)
2025-12-14 07:13:20,463 - [11-Final-2-before-shegoestohisback.chor] Line 74: move motor 2 0.44% (0.0s)
2025-12-14 07:13:20,464 - [11-Final-2-before-shegoestohisback.chor] Line 74: move motor 4 0.53% (0.0s)
2025-12-14 07:13:20,636 - [11-Final-2-before-shegoestohisback.chor] Line 74: sync command (0.184s)
2025-12-14 07:13:20,647 - [11-Final-2-before-shegoestohisback.chor] Line 75: move motor 1 0.46% (0.0s)
2025-12-14 07:13:20,648 - [11-Final-2-before-shegoestohisback.chor] Line 75: move motor 2 0.52% (0.0s)
2025-12-14 07:13:20,649 - [11-Final-2-before-shegoestohisback.chor] Line 75: move motor 4 0.45% (0.0s)
2025-12-14 07:13:20,871 - [11-Final-2-before-shegoestohisback.chor] Line 75: sync command (0.234s)
2025-12-14 07:13:20,882 - [11-Final-2-before-shegoestohisback.chor] Line 78: move motor 1 0.56% (0.0s)
2025-12-14 07:13:20,882 - [11-Final-2-before-shegoestohisback.chor] Line 78: move motor 2 0.42% (0.0s)
2025-12-14 07:13:20,883 - [11-Final-2-before-shegoestohisback.chor] Line 78: move motor 4 0.55% (0.0s)
2025-12-14 07:13:21,165 - [11-Final-2-before-shegoestohisback.chor] Line 78: sync command (0.294s)
2025-12-14 07:13:21,177 - [11-Final-2-before-shegoestohisback.chor] Line 79: move motor 1 0.44% (0.0s)
2025-12-14 07:13:21,178 - [11-Final-2-before-shegoestohisback.chor] Line 79: move motor 2 0.54% (0.0s)
2025-12-14 07:13:21,178 - [11-Final-2-before-shegoestohisback.chor] Line 79: move motor 4 0.43% (0.0s)
2025-12-14 07:13:21,511 - [11-Final-2-before-shegoestohisback.chor] Line 79: sync command (0.345s)
2025-12-14 07:13:22,022 - [11-Final-2-before-shegoestohisback.chor] Line 81: wait 0.5s (0.51s)
2025-12-14 07:13:22,022 - [11-Final-2-before-shegoestohisback.chor] Line 84: set speed 0.5 frps (0.0s)
2025-12-14 07:13:22,033 - [11-Final-2-before-shegoestohisback.chor] Line 86: move motor 1 0.5% (0.0s)
2025-12-14 07:13:22,034 - [11-Final-2-before-shegoestohisback.chor] Line 87: move motor 2 0.48% (0.0s)
2025-12-14 07:13:22,035 - [11-Final-2-before-shegoestohisback.chor] Line 88: move motor 4 0.49% (0.0s)
2025-12-14 07:13:22,318 - [11-Final-2-before-shegoestohisback.chor] Line 88: sync command (0.295s)
2025-12-14 07:13:22,318 - [11-Final-2-before-shegoestohisback.chor] Line 64: set speed 4.0 frps (0.0s)
2025-12-14 07:13:22,329 - [11-Final-2-before-shegoestohisback.chor] Line 67: move motor 1 0.5% (0.0s)
2025-12-14 07:13:22,330 - [11-Final-2-before-shegoestohisback.chor] Line 67: move motor 2 0.48% (0.0s)
2025-12-14 07:13:22,331 - [11-Final-2-before-shegoestohisback.chor] Line 67: move motor 4 0.49% (0.0s)
2025-12-14 07:13:22,342 - [11-Final-2-before-shegoestohisback.chor] Line 67: sync command (0.023s)
2025-12-14 07:13:22,353 - [11-Final-2-before-shegoestohisback.chor] Line 70: move motor 1 0.52% (0.0s)
2025-12-14 07:13:22,354 - [11-Final-2-before-shegoestohisback.chor] Line 70: move motor 2 0.46% (0.0s)
2025-12-14 07:13:22,355 - [11-Final-2-before-shegoestohisback.chor] Line 70: move motor 4 0.51% (0.0s)
2025-12-14 07:13:22,416 - [11-Final-2-before-shegoestohisback.chor] Line 70: sync command (0.073s)
2025-12-14 07:13:22,427 - [11-Final-2-before-shegoestohisback.chor] Line 71: move motor 1 0.48% (0.0s)
2025-12-14 07:13:22,428 - [11-Final-2-before-shegoestohisback.chor] Line 71: move motor 2 0.5% (0.0s)
2025-12-14 07:13:22,429 - [11-Final-2-before-shegoestohisback.chor] Line 71: move motor 4 0.47% (0.0s)
2025-12-14 07:13:22,541 - [11-Final-2-before-shegoestohisback.chor] Line 71: sync command (0.124s)
2025-12-14 07:13:22,551 - [11-Final-2-before-shegoestohisback.chor] Line 74: move motor 1 0.54% (0.0s)
2025-12-14 07:13:22,553 - [11-Final-2-before-shegoestohisback.chor] Line 74: move motor 2 0.44% (0.0s)
2025-12-14 07:13:22,554 - [11-Final-2-before-shegoestohisback.chor] Line 74: move motor 4 0.53% (0.0s)
2025-12-14 07:13:22,725 - [11-Final-2-before-shegoestohisback.chor] Line 74: sync command (0.184s)
2025-12-14 07:13:22,736 - [11-Final-2-before-shegoestohisback.chor] Line 75: move motor 1 0.46% (0.0s)
2025-12-14 07:13:22,737 - [11-Final-2-before-shegoestohisback.chor] Line 75: move motor 2 0.52% (0.0s)
2025-12-14 07:13:22,738 - [11-Final-2-before-shegoestohisback.chor] Line 75: move motor 4 0.45% (0.0s)
2025-12-14 07:13:22,960 - [11-Final-2-before-shegoestohisback.chor] Line 75: sync command (0.235s)
2025-12-14 07:13:22,971 - [11-Final-2-before-shegoestohisback.chor] Line 78: move motor 1 0.56% (0.0s)
2025-12-14 07:13:22,972 - [11-Final-2-before-shegoestohisback.chor] Line 78: move motor 2 0.42% (0.0s)
2025-12-14 07:13:22,973 - [11-Final-2-before-shegoestohisback.chor] Line 78: move motor 4 0.55% (0.0s)
2025-12-14 07:13:23,266 - [11-Final-2-before-shegoestohisback.chor] Line 78: sync command (0.305s)
2025-12-14 07:13:23,277 - [11-Final-2-before-shegoestohisback.chor] Line 79: move motor 1 0.44% (0.0s)
2025-12-14 07:13:23,278 - [11-Final-2-before-shegoestohisback.chor] Line 79: move motor 2 0.54% (0.0s)
2025-12-14 07:13:23,279 - [11-Final-2-before-shegoestohisback.chor] Line 79: move motor 4 0.43% (0.0s)
2025-12-14 07:13:23,611 - [11-Final-2-before-shegoestohisback.chor] Line 79: sync command (0.345s)
2025-12-14 07:13:24,122 - [11-Final-2-before-shegoestohisback.chor] Line 81: wait 0.5s (0.51s)
2025-12-14 07:13:24,123 - [11-Final-2-before-shegoestohisback.chor] Line 84: set speed 0.5 frps (0.0s)
2025-12-14 07:13:24,134 - [11-Final-2-before-shegoestohisback.chor] Line 86: move motor 1 0.5% (0.0s)
2025-12-14 07:13:24,134 - [11-Final-2-before-shegoestohisback.chor] Line 87: move motor 2 0.48% (0.0s)
2025-12-14 07:13:24,135 - [11-Final-2-before-shegoestohisback.chor] Line 88: move motor 4 0.49% (0.0s)
2025-12-14 07:13:24,408 - [11-Final-2-before-shegoestohisback.chor] Line 88: sync command (0.284s)
2025-12-14 07:13:24,408 - [11-Final-2-before-shegoestohisback.chor] Line 64: set speed 4.0 frps (0.0s)
2025-12-14 07:13:24,419 - [11-Final-2-before-shegoestohisback.chor] Line 67: move motor 1 0.5% (0.0s)
2025-12-14 07:13:24,420 - [11-Final-2-before-shegoestohisback.chor] Line 67: move motor 2 0.48% (0.0s)
2025-12-14 07:13:24,421 - [11-Final-2-before-shegoestohisback.chor] Line 67: move motor 4 0.49% (0.0s)
2025-12-14 07:13:24,432 - [11-Final-2-before-shegoestohisback.chor] Line 67: sync command (0.023s)
2025-12-14 07:13:24,442 - [11-Final-2-before-shegoestohisback.chor] Line 70: move motor 1 0.52% (0.0s)
2025-12-14 07:13:24,443 - [11-Final-2-before-shegoestohisback.chor] Line 70: move motor 2 0.46% (0.0s)
2025-12-14 07:13:24,444 - [11-Final-2-before-shegoestohisback.chor] Line 70: move motor 4 0.51% (0.0s)
2025-12-14 07:13:24,505 - [11-Final-2-before-shegoestohisback.chor] Line 70: sync command (0.073s)
2025-12-14 07:13:24,516 - [11-Final-2-before-shegoestohisback.chor] Line 71: move motor 1 0.48% (0.0s)
2025-12-14 07:13:24,517 - [11-Final-2-before-shegoestohisback.chor] Line 71: move motor 2 0.5% (0.0s)
2025-12-14 07:13:24,518 - [11-Final-2-before-shegoestohisback.chor] Line 71: move motor 4 0.47% (0.0s)
2025-12-14 07:13:24,639 - [11-Final-2-before-shegoestohisback.chor] Line 71: sync command (0.134s)
2025-12-14 07:13:24,650 - [11-Final-2-before-shegoestohisback.chor] Line 74: move motor 1 0.54% (0.0s)
2025-12-14 07:13:24,651 - [11-Final-2-before-shegoestohisback.chor] Line 74: move motor 2 0.44% (0.0s)
2025-12-14 07:13:24,652 - [11-Final-2-before-shegoestohisback.chor] Line 74: move motor 4 0.53% (0.0s)
2025-12-14 07:13:24,823 - [11-Final-2-before-shegoestohisback.chor] Line 74: sync command (0.184s)
2025-12-14 07:13:24,834 - [11-Final-2-before-shegoestohisback.chor] Line 75: move motor 1 0.46% (0.0s)
2025-12-14 07:13:24,836 - [11-Final-2-before-shegoestohisback.chor] Line 75: move motor 2 0.52% (0.0s)
2025-12-14 07:13:24,836 - [11-Final-2-before-shegoestohisback.chor] Line 75: move motor 4 0.45% (0.0s)
2025-12-14 07:13:25,089 - [11-Final-2-before-shegoestohisback.chor] Line 75: sync command (0.265s)
2025-12-14 07:13:25,100 - [11-Final-2-before-shegoestohisback.chor] Line 78: move motor 1 0.56% (0.0s)
2025-12-14 07:13:25,101 - [11-Final-2-before-shegoestohisback.chor] Line 78: move motor 2 0.42% (0.0s)
2025-12-14 07:13:25,103 - [11-Final-2-before-shegoestohisback.chor] Line 78: move motor 4 0.55% (0.0s)
2025-12-14 07:13:25,426 - [11-Final-2-before-shegoestohisback.chor] Line 78: sync command (0.337s)
2025-12-14 07:13:25,437 - [11-Final-2-before-shegoestohisback.chor] Line 79: move motor 1 0.44% (0.0s)
2025-12-14 07:13:25,438 - [11-Final-2-before-shegoestohisback.chor] Line 79: move motor 2 0.54% (0.0s)
2025-12-14 07:13:25,439 - [11-Final-2-before-shegoestohisback.chor] Line 79: move motor 4 0.43% (0.0s)
2025-12-14 07:13:25,772 - [11-Final-2-before-shegoestohisback.chor] Line 79: sync command (0.345s)
2025-12-14 07:13:26,282 - [11-Final-2-before-shegoestohisback.chor] Line 81: wait 0.5s (0.51s)
2025-12-14 07:13:26,283 - [11-Final-2-before-shegoestohisback.chor] Line 84: set speed 0.5 frps (0.0s)
2025-12-14 07:13:26,294 - [11-Final-2-before-shegoestohisback.chor] Line 86: move motor 1 0.5% (0.0s)
2025-12-14 07:13:26,295 - [11-Final-2-before-shegoestohisback.chor] Line 87: move motor 2 0.48% (0.0s)
2025-12-14 07:13:26,296 - [11-Final-2-before-shegoestohisback.chor] Line 88: move motor 4 0.49% (0.0s)
2025-12-14 07:13:26,568 - [11-Final-2-before-shegoestohisback.chor] Line 88: sync command (0.284s)
2025-12-14 07:13:26,635 - ========== FINISHED EXECUTION: 11-Final-2-before-shegoestohisback.chor ==========

2025-12-14 07:13:34,025 - ========== STARTING EXECUTION: 11-Final-3-crawling copy.chor ==========
2025-12-14 07:13:34,025 - Choreography content:
# when they start crawling - kish ya mot and laughs

# Shake up/down with crescendo at 4 FRPS

repeat 3
{
    set_frps 4.0

    # Crescendo shakes — increasing amplitude
    sync { move(1, 0.50) move(2, 0.48) move(4, 0.49) }   # baseline

    # Small shake
    sync { move(1, 0.52) move(2, 0.46) move(4, 0.51) }
    sync { move(1, 0.48) move(2, 0.50) move(4, 0.47) }

    # Medium shake
    sync { move(1, 0.54) move(2, 0.44) move(4, 0.53) }
    sync { move(1, 0.46) move(2, 0.52) move(4, 0.45) }

    # Large shake (crescendo peak)
    sync { move(1, 0.56) move(2, 0.42) move(4, 0.55) }
    sync { move(1, 0.44) move(2, 0.54) move(4, 0.43) }

    wait(0.5)

    # Settle center
    set_frps 0.06
    sync {
        move(1, 0.5)
        move(2, 0.48)
        move(4, 0.49)
    }
}

set_frps 0.15

repeat 2{
    move(1, 0.25)
    move(4, 0.45)
    
    sync{
        move(1, 0.4)
        move(2, 0.25)
        move(4, 0.35)
    
    }
    

    sync{
        move(1, 0.5)
        move(2, 0.48)
        move(4, 0.49)
    }
}

wait(0.5)
repeat 5{
    sync {  
        move(all, 0.1,1000);
        move(all, 0,1000);
        }
}




   

repeat 3
{
    set_frps 4.0

    # Crescendo shakes — increasing amplitude
    sync { move(1, 0.50) move(2, 0.48) move(4, 0.49) }   # baseline

    # Small shake
    sync { move(1, 0.52) move(2, 0.46) move(4, 0.51) }
    sync { move(1, 0.48) move(2, 0.50) move(4, 0.47) }

    # Medium shake
    sync { move(1, 0.54) move(2, 0.44) move(4, 0.53) }
    sync { move(1, 0.46) move(2, 0.52) move(4, 0.45) }

    # Large shake (crescendo peak)
    sync { move(1, 0.56) move(2, 0.42) move(4, 0.55) }
    sync { move(1, 0.44) move(2, 0.54) move(4, 0.43) }

    wait(0.5)

    # Settle center
    set_frps 0.06
    sync {
        move(1, 0.5)
        move(2, 0.48)
        move(4, 0.49)
    }


}


wait(0.5)
repeat 9{
    sync {  
        move(all, 0.1,1000);
        move(all, 0,1000);
        }
}
repeat 9{
    sync {  
        move(all, 0.1,1000);
        move(all, 0,1000);
        }
}

set_frps 0.01
sync{
    move(1, 0.6)
    move(2, 0.58)
    move(4, 0.29)
}

sync{
    move(1, 0.3)
    move(2, 0.28)
}

sync{
    move(1, 0.6)
    move(2, 0.58)
    move(4, 0.29)
}
2025-12-14 07:13:34,025 - ============================================================
2025-12-14 07:13:34,077 - [11-Final-3-crawling copy.chor] Line 7: set speed 4.0 frps (0.0s)
2025-12-14 07:13:34,088 - [11-Final-3-crawling copy.chor] Line 10: move motor 1 0.5% (0.0s)
2025-12-14 07:13:34,089 - [11-Final-3-crawling copy.chor] Line 10: move motor 2 0.48% (0.0s)
2025-12-14 07:13:34,090 - [11-Final-3-crawling copy.chor] Line 10: move motor 4 0.49% (0.0s)
2025-12-14 07:13:34,101 - [11-Final-3-crawling copy.chor] Line 10: sync command (0.023s)
2025-12-14 07:13:34,112 - [11-Final-3-crawling copy.chor] Line 13: move motor 1 0.52% (0.0s)
2025-12-14 07:13:34,113 - [11-Final-3-crawling copy.chor] Line 13: move motor 2 0.46% (0.0s)
2025-12-14 07:13:34,113 - [11-Final-3-crawling copy.chor] Line 13: move motor 4 0.51% (0.0s)
2025-12-14 07:13:34,174 - [11-Final-3-crawling copy.chor] Line 13: sync command (0.073s)
2025-12-14 07:13:34,185 - [11-Final-3-crawling copy.chor] Line 14: move motor 1 0.48% (0.0s)
2025-12-14 07:13:34,186 - [11-Final-3-crawling copy.chor] Line 14: move motor 2 0.5% (0.0s)
2025-12-14 07:13:34,187 - [11-Final-3-crawling copy.chor] Line 14: move motor 4 0.47% (0.0s)
2025-12-14 07:13:34,308 - [11-Final-3-crawling copy.chor] Line 14: sync command (0.133s)
2025-12-14 07:13:34,320 - [11-Final-3-crawling copy.chor] Line 17: move motor 1 0.54% (0.0s)
2025-12-14 07:13:34,321 - [11-Final-3-crawling copy.chor] Line 17: move motor 2 0.44% (0.0s)
2025-12-14 07:13:34,322 - [11-Final-3-crawling copy.chor] Line 17: move motor 4 0.53% (0.0s)
2025-12-14 07:13:34,493 - [11-Final-3-crawling copy.chor] Line 17: sync command (0.184s)
2025-12-14 07:13:34,504 - [11-Final-3-crawling copy.chor] Line 18: move motor 1 0.46% (0.0s)
2025-12-14 07:13:34,505 - [11-Final-3-crawling copy.chor] Line 18: move motor 2 0.52% (0.0s)
2025-12-14 07:13:34,506 - [11-Final-3-crawling copy.chor] Line 18: move motor 4 0.45% (0.0s)
2025-12-14 07:13:34,739 - [11-Final-3-crawling copy.chor] Line 18: sync command (0.244s)
2025-12-14 07:13:34,749 - [11-Final-3-crawling copy.chor] Line 21: move motor 1 0.56% (0.0s)
2025-12-14 07:13:34,750 - [11-Final-3-crawling copy.chor] Line 21: move motor 2 0.42% (0.0s)
2025-12-14 07:13:34,751 - [11-Final-3-crawling copy.chor] Line 21: move motor 4 0.55% (0.0s)
2025-12-14 07:13:35,033 - [11-Final-3-crawling copy.chor] Line 21: sync command (0.294s)
2025-12-14 07:13:35,046 - [11-Final-3-crawling copy.chor] Line 22: move motor 1 0.44% (0.0s)
2025-12-14 07:13:35,047 - [11-Final-3-crawling copy.chor] Line 22: move motor 2 0.54% (0.0s)
2025-12-14 07:13:35,047 - [11-Final-3-crawling copy.chor] Line 22: move motor 4 0.43% (0.0s)
2025-12-14 07:13:35,380 - [11-Final-3-crawling copy.chor] Line 22: sync command (0.346s)
2025-12-14 07:13:35,891 - [11-Final-3-crawling copy.chor] Line 24: wait 0.5s (0.51s)
2025-12-14 07:13:35,892 - [11-Final-3-crawling copy.chor] Line 27: set speed 0.06 frps (0.0s)
2025-12-14 07:13:35,902 - [11-Final-3-crawling copy.chor] Line 29: move motor 1 0.5% (0.0s)
2025-12-14 07:13:35,903 - [11-Final-3-crawling copy.chor] Line 30: move motor 2 0.48% (0.0s)
2025-12-14 07:13:35,903 - [11-Final-3-crawling copy.chor] Line 31: move motor 4 0.49% (0.0s)
2025-12-14 07:13:37,061 - [11-Final-3-crawling copy.chor] Line 31: sync command (1.169s)
2025-12-14 07:13:37,062 - [11-Final-3-crawling copy.chor] Line 7: set speed 4.0 frps (0.0s)
2025-12-14 07:13:37,072 - [11-Final-3-crawling copy.chor] Line 10: move motor 1 0.5% (0.0s)
2025-12-14 07:13:37,073 - [11-Final-3-crawling copy.chor] Line 10: move motor 2 0.48% (0.0s)
2025-12-14 07:13:37,074 - [11-Final-3-crawling copy.chor] Line 10: move motor 4 0.49% (0.0s)
2025-12-14 07:13:37,085 - [11-Final-3-crawling copy.chor] Line 10: sync command (0.023s)
2025-12-14 07:13:37,096 - [11-Final-3-crawling copy.chor] Line 13: move motor 1 0.52% (0.0s)
2025-12-14 07:13:37,097 - [11-Final-3-crawling copy.chor] Line 13: move motor 2 0.46% (0.0s)
2025-12-14 07:13:37,098 - [11-Final-3-crawling copy.chor] Line 13: move motor 4 0.51% (0.0s)
2025-12-14 07:13:37,159 - [11-Final-3-crawling copy.chor] Line 13: sync command (0.073s)
2025-12-14 07:13:37,170 - [11-Final-3-crawling copy.chor] Line 14: move motor 1 0.48% (0.0s)
2025-12-14 07:13:37,171 - [11-Final-3-crawling copy.chor] Line 14: move motor 2 0.5% (0.0s)
2025-12-14 07:13:37,172 - [11-Final-3-crawling copy.chor] Line 14: move motor 4 0.47% (0.0s)
2025-12-14 07:13:37,283 - [11-Final-3-crawling copy.chor] Line 14: sync command (0.123s)
2025-12-14 07:13:37,294 - [11-Final-3-crawling copy.chor] Line 17: move motor 1 0.54% (0.0s)
2025-12-14 07:13:37,295 - [11-Final-3-crawling copy.chor] Line 17: move motor 2 0.44% (0.0s)
2025-12-14 07:13:37,296 - [11-Final-3-crawling copy.chor] Line 17: move motor 4 0.53% (0.0s)
2025-12-14 07:13:37,468 - [11-Final-3-crawling copy.chor] Line 17: sync command (0.184s)
2025-12-14 07:13:37,478 - [11-Final-3-crawling copy.chor] Line 18: move motor 1 0.46% (0.0s)
2025-12-14 07:13:37,479 - [11-Final-3-crawling copy.chor] Line 18: move motor 2 0.52% (0.0s)
2025-12-14 07:13:37,480 - [11-Final-3-crawling copy.chor] Line 18: move motor 4 0.45% (0.0s)
2025-12-14 07:13:37,712 - [11-Final-3-crawling copy.chor] Line 18: sync command (0.244s)
2025-12-14 07:13:37,723 - [11-Final-3-crawling copy.chor] Line 21: move motor 1 0.56% (0.0s)
2025-12-14 07:13:37,724 - [11-Final-3-crawling copy.chor] Line 21: move motor 2 0.42% (0.0s)
2025-12-14 07:13:37,725 - [11-Final-3-crawling copy.chor] Line 21: move motor 4 0.55% (0.0s)
2025-12-14 07:13:38,008 - [11-Final-3-crawling copy.chor] Line 21: sync command (0.295s)
2025-12-14 07:13:38,019 - [11-Final-3-crawling copy.chor] Line 22: move motor 1 0.44% (0.0s)
2025-12-14 07:13:38,020 - [11-Final-3-crawling copy.chor] Line 22: move motor 2 0.54% (0.0s)
2025-12-14 07:13:38,021 - [11-Final-3-crawling copy.chor] Line 22: move motor 4 0.43% (0.0s)
2025-12-14 07:13:38,353 - [11-Final-3-crawling copy.chor] Line 22: sync command (0.345s)
2025-12-14 07:13:38,864 - [11-Final-3-crawling copy.chor] Line 24: wait 0.5s (0.51s)
2025-12-14 07:13:38,865 - [11-Final-3-crawling copy.chor] Line 27: set speed 0.06 frps (0.0s)
2025-12-14 07:13:38,875 - [11-Final-3-crawling copy.chor] Line 29: move motor 1 0.5% (0.0s)
2025-12-14 07:13:38,876 - [11-Final-3-crawling copy.chor] Line 30: move motor 2 0.48% (0.0s)
2025-12-14 07:13:38,876 - [11-Final-3-crawling copy.chor] Line 31: move motor 4 0.49% (0.0s)
2025-12-14 07:13:40,034 - [11-Final-3-crawling copy.chor] Line 31: sync command (1.169s)
2025-12-14 07:13:40,035 - [11-Final-3-crawling copy.chor] Line 7: set speed 4.0 frps (0.0s)
2025-12-14 07:13:40,046 - [11-Final-3-crawling copy.chor] Line 10: move motor 1 0.5% (0.0s)
2025-12-14 07:13:40,046 - [11-Final-3-crawling copy.chor] Line 10: move motor 2 0.48% (0.0s)
2025-12-14 07:13:40,047 - [11-Final-3-crawling copy.chor] Line 10: move motor 4 0.49% (0.0s)
2025-12-14 07:13:40,058 - [11-Final-3-crawling copy.chor] Line 10: sync command (0.023s)
2025-12-14 07:13:40,069 - [11-Final-3-crawling copy.chor] Line 13: move motor 1 0.52% (0.0s)
2025-12-14 07:13:40,069 - [11-Final-3-crawling copy.chor] Line 13: move motor 2 0.46% (0.0s)
2025-12-14 07:13:40,070 - [11-Final-3-crawling copy.chor] Line 13: move motor 4 0.51% (0.0s)
2025-12-14 07:13:40,131 - [11-Final-3-crawling copy.chor] Line 13: sync command (0.073s)
2025-12-14 07:13:40,142 - [11-Final-3-crawling copy.chor] Line 14: move motor 1 0.48% (0.0s)
2025-12-14 07:13:40,143 - [11-Final-3-crawling copy.chor] Line 14: move motor 2 0.5% (0.0s)
2025-12-14 07:13:40,144 - [11-Final-3-crawling copy.chor] Line 14: move motor 4 0.47% (0.0s)
2025-12-14 07:13:40,255 - [11-Final-3-crawling copy.chor] Line 14: sync command (0.123s)
2025-12-14 07:13:40,266 - [11-Final-3-crawling copy.chor] Line 17: move motor 1 0.54% (0.0s)
2025-12-14 07:13:40,267 - [11-Final-3-crawling copy.chor] Line 17: move motor 2 0.44% (0.0s)
2025-12-14 07:13:40,268 - [11-Final-3-crawling copy.chor] Line 17: move motor 4 0.53% (0.0s)
2025-12-14 07:13:40,439 - [11-Final-3-crawling copy.chor] Line 17: sync command (0.184s)
2025-12-14 07:13:40,450 - [11-Final-3-crawling copy.chor] Line 18: move motor 1 0.46% (0.0s)
2025-12-14 07:13:40,451 - [11-Final-3-crawling copy.chor] Line 18: move motor 2 0.52% (0.0s)
2025-12-14 07:13:40,452 - [11-Final-3-crawling copy.chor] Line 18: move motor 4 0.45% (0.0s)
2025-12-14 07:13:40,674 - [11-Final-3-crawling copy.chor] Line 18: sync command (0.234s)
2025-12-14 07:13:40,685 - [11-Final-3-crawling copy.chor] Line 21: move motor 1 0.56% (0.0s)
2025-12-14 07:13:40,686 - [11-Final-3-crawling copy.chor] Line 21: move motor 2 0.42% (0.0s)
2025-12-14 07:13:40,687 - [11-Final-3-crawling copy.chor] Line 21: move motor 4 0.55% (0.0s)
2025-12-14 07:13:40,969 - [11-Final-3-crawling copy.chor] Line 21: sync command (0.294s)
2025-12-14 07:13:40,980 - [11-Final-3-crawling copy.chor] Line 22: move motor 1 0.44% (0.0s)
2025-12-14 07:13:40,981 - [11-Final-3-crawling copy.chor] Line 22: move motor 2 0.54% (0.0s)
2025-12-14 07:13:40,982 - [11-Final-3-crawling copy.chor] Line 22: move motor 4 0.43% (0.0s)
2025-12-14 07:13:41,325 - [11-Final-3-crawling copy.chor] Line 22: sync command (0.355s)
2025-12-14 07:13:41,836 - [11-Final-3-crawling copy.chor] Line 24: wait 0.5s (0.51s)
2025-12-14 07:13:41,836 - [11-Final-3-crawling copy.chor] Line 27: set speed 0.06 frps (0.0s)
2025-12-14 07:13:41,847 - [11-Final-3-crawling copy.chor] Line 29: move motor 1 0.5% (0.0s)
2025-12-14 07:13:41,847 - [11-Final-3-crawling copy.chor] Line 30: move motor 2 0.48% (0.0s)
2025-12-14 07:13:41,848 - [11-Final-3-crawling copy.chor] Line 31: move motor 4 0.49% (0.0s)
2025-12-14 07:13:43,006 - [11-Final-3-crawling copy.chor] Line 31: sync command (1.169s)
2025-12-14 07:13:43,006 - [11-Final-3-crawling copy.chor] Line 35: set speed 0.15 frps (0.0s)
2025-12-14 07:13:43,007 - [11-Final-3-crawling copy.chor] Line 38: move motor 1 0.25% (0.0s)
2025-12-14 07:13:43,008 - [11-Final-3-crawling copy.chor] Line 39: move motor 4 0.45% (0.0s)
2025-12-14 07:13:45,334 - [11-Final-3-crawling copy.chor] Line 42: move motor 1 0.4% (0.0s)
2025-12-14 07:13:45,335 - [11-Final-3-crawling copy.chor] Line 43: move motor 2 0.25% (0.0s)
2025-12-14 07:13:45,336 - [11-Final-3-crawling copy.chor] Line 44: move motor 4 0.35% (0.0s)
2025-12-14 07:13:47,248 - [11-Final-3-crawling copy.chor] Line 44: sync command (4.24s)
2025-12-14 07:13:47,259 - [11-Final-3-crawling copy.chor] Line 50: move motor 1 0.5% (0.0s)
2025-12-14 07:13:47,260 - [11-Final-3-crawling copy.chor] Line 51: move motor 2 0.48% (0.0s)
2025-12-14 07:13:47,260 - [11-Final-3-crawling copy.chor] Line 52: move motor 4 0.49% (0.0s)
2025-12-14 07:13:49,183 - [11-Final-3-crawling copy.chor] Line 52: sync command (1.934s)
2025-12-14 07:13:49,185 - [11-Final-3-crawling copy.chor] Line 38: move motor 1 0.25% (0.0s)
2025-12-14 07:13:49,187 - [11-Final-3-crawling copy.chor] Line 39: move motor 4 0.45% (0.0s)
2025-12-14 07:13:51,537 - [11-Final-3-crawling copy.chor] Line 42: move motor 1 0.4% (0.0s)
2025-12-14 07:13:51,537 - [11-Final-3-crawling copy.chor] Line 43: move motor 2 0.25% (0.0s)
2025-12-14 07:13:51,538 - [11-Final-3-crawling copy.chor] Line 44: move motor 4 0.35% (0.0s)
2025-12-14 07:13:53,450 - [11-Final-3-crawling copy.chor] Line 44: sync command (4.263s)
2025-12-14 07:13:53,461 - [11-Final-3-crawling copy.chor] Line 50: move motor 1 0.5% (0.0s)
2025-12-14 07:13:53,462 - [11-Final-3-crawling copy.chor] Line 51: move motor 2 0.48% (0.0s)
2025-12-14 07:13:53,463 - [11-Final-3-crawling copy.chor] Line 52: move motor 4 0.49% (0.0s)
2025-12-14 07:13:55,396 - [11-Final-3-crawling copy.chor] Line 52: sync command (1.945s)
2025-12-14 07:13:55,907 - [11-Final-3-crawling copy.chor] Line 56: wait 0.5s (0.51s)
2025-12-14 07:13:55,918 - [11-Final-3-crawling copy.chor] Line 59: move motor all 0.1% (0.0s)
2025-12-14 07:13:55,920 - [11-Final-3-crawling copy.chor] Line 60: move motor all 0.0% (0.001s)
2025-12-14 07:13:57,187 - [11-Final-3-crawling copy.chor] Line 60: sync command (1.279s)
2025-12-14 07:13:57,199 - [11-Final-3-crawling copy.chor] Line 59: move motor all 0.1% (0.001s)
2025-12-14 07:13:57,200 - [11-Final-3-crawling copy.chor] Line 60: move motor all 0.0% (0.0s)
2025-12-14 07:13:57,714 - [11-Final-3-crawling copy.chor] Line 60: sync command (0.526s)
2025-12-14 07:13:57,726 - [11-Final-3-crawling copy.chor] Line 59: move motor all 0.1% (0.001s)
2025-12-14 07:13:57,728 - [11-Final-3-crawling copy.chor] Line 60: move motor all 0.0% (0.001s)
2025-12-14 07:13:58,231 - [11-Final-3-crawling copy.chor] Line 60: sync command (0.517s)
2025-12-14 07:13:58,244 - [11-Final-3-crawling copy.chor] Line 59: move motor all 0.1% (0.001s)
2025-12-14 07:13:58,245 - [11-Final-3-crawling copy.chor] Line 60: move motor all 0.0% (0.0s)
2025-12-14 07:13:58,759 - [11-Final-3-crawling copy.chor] Line 60: sync command (0.527s)
2025-12-14 07:13:58,771 - [11-Final-3-crawling copy.chor] Line 59: move motor all 0.1% (0.001s)
2025-12-14 07:13:58,773 - [11-Final-3-crawling copy.chor] Line 60: move motor all 0.0% (0.001s)
2025-12-14 07:13:59,277 - [11-Final-3-crawling copy.chor] Line 60: sync command (0.516s)
2025-12-14 07:13:59,279 - [11-Final-3-crawling copy.chor] Line 71: set speed 4.0 frps (0.0s)
2025-12-14 07:13:59,290 - [11-Final-3-crawling copy.chor] Line 74: move motor 1 0.5% (0.0s)
2025-12-14 07:13:59,292 - [11-Final-3-crawling copy.chor] Line 74: move motor 2 0.48% (0.0s)
2025-12-14 07:13:59,293 - [11-Final-3-crawling copy.chor] Line 74: move motor 4 0.49% (0.0s)
2025-12-14 07:14:00,702 - [11-Final-3-crawling copy.chor] Line 74: sync command (1.422s)
2025-12-14 07:14:00,714 - [11-Final-3-crawling copy.chor] Line 77: move motor 1 0.52% (0.0s)
2025-12-14 07:14:00,715 - [11-Final-3-crawling copy.chor] Line 77: move motor 2 0.46% (0.0s)
2025-12-14 07:14:00,716 - [11-Final-3-crawling copy.chor] Line 77: move motor 4 0.51% (0.0s)
2025-12-14 07:14:00,778 - [11-Final-3-crawling copy.chor] Line 77: sync command (0.074s)
2025-12-14 07:14:00,789 - [11-Final-3-crawling copy.chor] Line 78: move motor 1 0.48% (0.0s)
2025-12-14 07:14:00,791 - [11-Final-3-crawling copy.chor] Line 78: move motor 2 0.5% (0.0s)
2025-12-14 07:14:00,792 - [11-Final-3-crawling copy.chor] Line 78: move motor 4 0.47% (0.0s)
2025-12-14 07:14:00,904 - [11-Final-3-crawling copy.chor] Line 78: sync command (0.125s)
2025-12-14 07:14:00,915 - [11-Final-3-crawling copy.chor] Line 81: move motor 1 0.54% (0.0s)
2025-12-14 07:14:00,917 - [11-Final-3-crawling copy.chor] Line 81: move motor 2 0.44% (0.0s)
2025-12-14 07:14:00,918 - [11-Final-3-crawling copy.chor] Line 81: move motor 4 0.53% (0.0s)
2025-12-14 07:14:01,090 - [11-Final-3-crawling copy.chor] Line 81: sync command (0.185s)
2025-12-14 07:14:01,101 - [11-Final-3-crawling copy.chor] Line 82: move motor 1 0.46% (0.0s)
2025-12-14 07:14:01,102 - [11-Final-3-crawling copy.chor] Line 82: move motor 2 0.52% (0.0s)
2025-12-14 07:14:01,103 - [11-Final-3-crawling copy.chor] Line 82: move motor 4 0.45% (0.0s)
2025-12-14 07:14:01,325 - [11-Final-3-crawling copy.chor] Line 82: sync command (0.234s)
2025-12-14 07:14:01,336 - [11-Final-3-crawling copy.chor] Line 85: move motor 1 0.56% (0.0s)
2025-12-14 07:14:01,337 - [11-Final-3-crawling copy.chor] Line 85: move motor 2 0.42% (0.0s)
2025-12-14 07:14:01,338 - [11-Final-3-crawling copy.chor] Line 85: move motor 4 0.55% (0.0s)
2025-12-14 07:14:01,620 - [11-Final-3-crawling copy.chor] Line 85: sync command (0.295s)
2025-12-14 07:14:01,631 - [11-Final-3-crawling copy.chor] Line 86: move motor 1 0.44% (0.0s)
2025-12-14 07:14:01,632 - [11-Final-3-crawling copy.chor] Line 86: move motor 2 0.54% (0.0s)
2025-12-14 07:14:01,633 - [11-Final-3-crawling copy.chor] Line 86: move motor 4 0.43% (0.0s)
2025-12-14 07:14:01,976 - [11-Final-3-crawling copy.chor] Line 86: sync command (0.356s)
2025-12-14 07:14:02,487 - [11-Final-3-crawling copy.chor] Line 88: wait 0.5s (0.51s)
2025-12-14 07:14:02,487 - [11-Final-3-crawling copy.chor] Line 91: set speed 0.06 frps (0.0s)
2025-12-14 07:14:02,498 - [11-Final-3-crawling copy.chor] Line 93: move motor 1 0.5% (0.0s)
2025-12-14 07:14:02,499 - [11-Final-3-crawling copy.chor] Line 94: move motor 2 0.48% (0.0s)
2025-12-14 07:14:02,499 - [11-Final-3-crawling copy.chor] Line 95: move motor 4 0.49% (0.0s)
2025-12-14 07:14:03,657 - [11-Final-3-crawling copy.chor] Line 95: sync command (1.169s)
2025-12-14 07:14:03,657 - [11-Final-3-crawling copy.chor] Line 71: set speed 4.0 frps (0.0s)
2025-12-14 07:14:03,668 - [11-Final-3-crawling copy.chor] Line 74: move motor 1 0.5% (0.0s)
2025-12-14 07:14:03,670 - [11-Final-3-crawling copy.chor] Line 74: move motor 2 0.48% (0.0s)
2025-12-14 07:14:03,672 - [11-Final-3-crawling copy.chor] Line 74: move motor 4 0.49% (0.001s)
2025-12-14 07:14:03,683 - [11-Final-3-crawling copy.chor] Line 74: sync command (0.025s)
2025-12-14 07:14:03,694 - [11-Final-3-crawling copy.chor] Line 77: move motor 1 0.52% (0.0s)
2025-12-14 07:14:03,695 - [11-Final-3-crawling copy.chor] Line 77: move motor 2 0.46% (0.0s)
2025-12-14 07:14:03,696 - [11-Final-3-crawling copy.chor] Line 77: move motor 4 0.51% (0.0s)
2025-12-14 07:14:03,758 - [11-Final-3-crawling copy.chor] Line 77: sync command (0.074s)
2025-12-14 07:14:03,768 - [11-Final-3-crawling copy.chor] Line 78: move motor 1 0.48% (0.0s)
2025-12-14 07:14:03,769 - [11-Final-3-crawling copy.chor] Line 78: move motor 2 0.5% (0.0s)
2025-12-14 07:14:03,770 - [11-Final-3-crawling copy.chor] Line 78: move motor 4 0.47% (0.0s)
2025-12-14 07:14:03,892 - [11-Final-3-crawling copy.chor] Line 78: sync command (0.133s)
2025-12-14 07:14:03,902 - [11-Final-3-crawling copy.chor] Line 81: move motor 1 0.54% (0.0s)
2025-12-14 07:14:03,903 - [11-Final-3-crawling copy.chor] Line 81: move motor 2 0.44% (0.0s)
2025-12-14 07:14:03,904 - [11-Final-3-crawling copy.chor] Line 81: move motor 4 0.53% (0.0s)
2025-12-14 07:14:04,075 - [11-Final-3-crawling copy.chor] Line 81: sync command (0.183s)
2025-12-14 07:14:04,086 - [11-Final-3-crawling copy.chor] Line 82: move motor 1 0.46% (0.0s)
2025-12-14 07:14:04,087 - [11-Final-3-crawling copy.chor] Line 82: move motor 2 0.52% (0.0s)
2025-12-14 07:14:04,088 - [11-Final-3-crawling copy.chor] Line 82: move motor 4 0.45% (0.0s)
2025-12-14 07:14:04,310 - [11-Final-3-crawling copy.chor] Line 82: sync command (0.234s)
2025-12-14 07:14:04,321 - [11-Final-3-crawling copy.chor] Line 85: move motor 1 0.56% (0.0s)
2025-12-14 07:14:04,322 - [11-Final-3-crawling copy.chor] Line 85: move motor 2 0.42% (0.0s)
2025-12-14 07:14:04,323 - [11-Final-3-crawling copy.chor] Line 85: move motor 4 0.55% (0.0s)
2025-12-14 07:14:04,606 - [11-Final-3-crawling copy.chor] Line 85: sync command (0.295s)
2025-12-14 07:14:04,617 - [11-Final-3-crawling copy.chor] Line 86: move motor 1 0.44% (0.0s)
2025-12-14 07:14:04,618 - [11-Final-3-crawling copy.chor] Line 86: move motor 2 0.54% (0.0s)
2025-12-14 07:14:04,619 - [11-Final-3-crawling copy.chor] Line 86: move motor 4 0.43% (0.0s)
2025-12-14 07:14:04,951 - [11-Final-3-crawling copy.chor] Line 86: sync command (0.345s)
2025-12-14 07:14:05,462 - [11-Final-3-crawling copy.chor] Line 88: wait 0.5s (0.51s)
2025-12-14 07:14:05,463 - [11-Final-3-crawling copy.chor] Line 91: set speed 0.06 frps (0.0s)
2025-12-14 07:14:05,474 - [11-Final-3-crawling copy.chor] Line 93: move motor 1 0.5% (0.0s)
2025-12-14 07:14:05,475 - [11-Final-3-crawling copy.chor] Line 94: move motor 2 0.48% (0.0s)
2025-12-14 07:14:05,476 - [11-Final-3-crawling copy.chor] Line 95: move motor 4 0.49% (0.0s)
2025-12-14 07:14:06,666 - [11-Final-3-crawling copy.chor] Line 95: sync command (1.202s)
2025-12-14 07:14:06,667 - [11-Final-3-crawling copy.chor] Line 71: set speed 4.0 frps (0.0s)
2025-12-14 07:14:06,679 - [11-Final-3-crawling copy.chor] Line 74: move motor 1 0.5% (0.001s)
2025-12-14 07:14:06,682 - [11-Final-3-crawling copy.chor] Line 74: move motor 2 0.48% (0.001s)
2025-12-14 07:14:06,684 - [11-Final-3-crawling copy.chor] Line 74: move motor 4 0.49% (0.0s)
2025-12-14 07:14:06,696 - [11-Final-3-crawling copy.chor] Line 74: sync command (0.028s)
2025-12-14 07:14:06,708 - [11-Final-3-crawling copy.chor] Line 77: move motor 1 0.52% (0.001s)
2025-12-14 07:14:06,710 - [11-Final-3-crawling copy.chor] Line 77: move motor 2 0.46% (0.001s)
2025-12-14 07:14:06,712 - [11-Final-3-crawling copy.chor] Line 77: move motor 4 0.51% (0.001s)
2025-12-14 07:14:06,784 - [11-Final-3-crawling copy.chor] Line 77: sync command (0.087s)
2025-12-14 07:14:06,795 - [11-Final-3-crawling copy.chor] Line 78: move motor 1 0.48% (0.0s)
2025-12-14 07:14:06,796 - [11-Final-3-crawling copy.chor] Line 78: move motor 2 0.5% (0.0s)
2025-12-14 07:14:06,797 - [11-Final-3-crawling copy.chor] Line 78: move motor 4 0.47% (0.0s)
2025-12-14 07:14:06,919 - [11-Final-3-crawling copy.chor] Line 78: sync command (0.134s)
2025-12-14 07:14:06,930 - [11-Final-3-crawling copy.chor] Line 81: move motor 1 0.54% (0.0s)
2025-12-14 07:14:06,931 - [11-Final-3-crawling copy.chor] Line 81: move motor 2 0.44% (0.0s)
2025-12-14 07:14:06,932 - [11-Final-3-crawling copy.chor] Line 81: move motor 4 0.53% (0.0s)
2025-12-14 07:14:07,104 - [11-Final-3-crawling copy.chor] Line 81: sync command (0.184s)
2025-12-14 07:14:07,115 - [11-Final-3-crawling copy.chor] Line 82: move motor 1 0.46% (0.0s)
2025-12-14 07:14:07,116 - [11-Final-3-crawling copy.chor] Line 82: move motor 2 0.52% (0.0s)
2025-12-14 07:14:07,117 - [11-Final-3-crawling copy.chor] Line 82: move motor 4 0.45% (0.0s)
2025-12-14 07:14:07,349 - [11-Final-3-crawling copy.chor] Line 82: sync command (0.244s)
2025-12-14 07:14:07,360 - [11-Final-3-crawling copy.chor] Line 85: move motor 1 0.56% (0.0s)
2025-12-14 07:14:07,361 - [11-Final-3-crawling copy.chor] Line 85: move motor 2 0.42% (0.0s)
2025-12-14 07:14:07,362 - [11-Final-3-crawling copy.chor] Line 85: move motor 4 0.55% (0.0s)
2025-12-14 07:14:07,644 - [11-Final-3-crawling copy.chor] Line 85: sync command (0.294s)
2025-12-14 07:14:07,655 - [11-Final-3-crawling copy.chor] Line 86: move motor 1 0.44% (0.0s)
2025-12-14 07:14:07,656 - [11-Final-3-crawling copy.chor] Line 86: move motor 2 0.54% (0.0s)
2025-12-14 07:14:07,658 - [11-Final-3-crawling copy.chor] Line 86: move motor 4 0.43% (0.0s)
2025-12-14 07:14:08,000 - [11-Final-3-crawling copy.chor] Line 86: sync command (0.355s)
2025-12-14 07:14:08,511 - [11-Final-3-crawling copy.chor] Line 88: wait 0.5s (0.51s)
2025-12-14 07:14:08,512 - [11-Final-3-crawling copy.chor] Line 91: set speed 0.06 frps (0.0s)
2025-12-14 07:14:08,522 - [11-Final-3-crawling copy.chor] Line 93: move motor 1 0.5% (0.0s)
2025-12-14 07:14:08,523 - [11-Final-3-crawling copy.chor] Line 94: move motor 2 0.48% (0.0s)
2025-12-14 07:14:08,523 - [11-Final-3-crawling copy.chor] Line 95: move motor 4 0.49% (0.0s)
2025-12-14 07:14:09,681 - [11-Final-3-crawling copy.chor] Line 95: sync command (1.169s)
2025-12-14 07:14:10,192 - [11-Final-3-crawling copy.chor] Line 102: wait 0.5s (0.51s)
2025-12-14 07:14:10,203 - [11-Final-3-crawling copy.chor] Line 105: move motor all 0.1% (0.0s)
2025-12-14 07:14:10,204 - [11-Final-3-crawling copy.chor] Line 106: move motor all 0.0% (0.001s)
2025-12-14 07:14:11,461 - [11-Final-3-crawling copy.chor] Line 106: sync command (1.269s)
2025-12-14 07:14:11,473 - [11-Final-3-crawling copy.chor] Line 105: move motor all 0.1% (0.001s)
2025-12-14 07:14:11,474 - [11-Final-3-crawling copy.chor] Line 106: move motor all 0.0% (0.0s)
2025-12-14 07:14:11,998 - [11-Final-3-crawling copy.chor] Line 106: sync command (0.536s)
2025-12-14 07:14:12,010 - [11-Final-3-crawling copy.chor] Line 105: move motor all 0.1% (0.001s)
2025-12-14 07:14:12,012 - [11-Final-3-crawling copy.chor] Line 106: move motor all 0.0% (0.001s)
2025-12-14 07:14:12,525 - [11-Final-3-crawling copy.chor] Line 106: sync command (0.526s)
2025-12-14 07:14:12,537 - [11-Final-3-crawling copy.chor] Line 105: move motor all 0.1% (0.001s)
2025-12-14 07:14:12,538 - [11-Final-3-crawling copy.chor] Line 106: move motor all 0.0% (0.001s)
2025-12-14 07:14:13,051 - [11-Final-3-crawling copy.chor] Line 106: sync command (0.526s)
2025-12-14 07:14:13,064 - [11-Final-3-crawling copy.chor] Line 105: move motor all 0.1% (0.001s)
2025-12-14 07:14:13,066 - [11-Final-3-crawling copy.chor] Line 106: move motor all 0.0% (0.0s)
2025-12-14 07:14:13,580 - [11-Final-3-crawling copy.chor] Line 106: sync command (0.528s)
2025-12-14 07:14:13,592 - [11-Final-3-crawling copy.chor] Line 105: move motor all 0.1% (0.001s)
2025-12-14 07:14:13,593 - [11-Final-3-crawling copy.chor] Line 106: move motor all 0.0% (0.001s)
2025-12-14 07:14:14,107 - [11-Final-3-crawling copy.chor] Line 106: sync command (0.526s)
2025-12-14 07:14:14,121 - [11-Final-3-crawling copy.chor] Line 105: move motor all 0.1% (0.001s)
2025-12-14 07:14:14,122 - [11-Final-3-crawling copy.chor] Line 106: move motor all 0.0% (0.001s)
2025-12-14 07:14:14,636 - [11-Final-3-crawling copy.chor] Line 106: sync command (0.528s)
2025-12-14 07:14:14,647 - [11-Final-3-crawling copy.chor] Line 105: move motor all 0.1% (0.001s)
2025-12-14 07:14:14,648 - [11-Final-3-crawling copy.chor] Line 106: move motor all 0.0% (0.0s)
2025-12-14 07:14:15,152 - [11-Final-3-crawling copy.chor] Line 106: sync command (0.516s)
2025-12-14 07:14:15,164 - [11-Final-3-crawling copy.chor] Line 105: move motor all 0.1% (0.0s)
2025-12-14 07:14:15,165 - [11-Final-3-crawling copy.chor] Line 106: move motor all 0.0% (0.0s)
2025-12-14 07:14:15,679 - [11-Final-3-crawling copy.chor] Line 106: sync command (0.526s)
2025-12-14 07:14:15,690 - [11-Final-3-crawling copy.chor] Line 111: move motor all 0.1% (0.0s)
2025-12-14 07:14:15,691 - [11-Final-3-crawling copy.chor] Line 112: move motor all 0.0% (0.001s)
2025-12-14 07:14:16,205 - [11-Final-3-crawling copy.chor] Line 112: sync command (0.525s)
2025-12-14 07:14:16,216 - [11-Final-3-crawling copy.chor] Line 111: move motor all 0.1% (0.0s)
2025-12-14 07:14:16,219 - [11-Final-3-crawling copy.chor] Line 112: move motor all 0.0% (0.001s)
2025-12-14 07:14:16,723 - [11-Final-3-crawling copy.chor] Line 112: sync command (0.518s)
2025-12-14 07:14:16,734 - [11-Final-3-crawling copy.chor] Line 111: move motor all 0.1% (0.0s)
2025-12-14 07:14:16,736 - [11-Final-3-crawling copy.chor] Line 112: move motor all 0.0% (0.001s)
2025-12-14 07:14:17,300 - [11-Final-3-crawling copy.chor] Line 112: sync command (0.577s)
2025-12-14 07:14:17,313 - [11-Final-3-crawling copy.chor] Line 111: move motor all 0.1% (0.001s)
2025-12-14 07:14:17,315 - [11-Final-3-crawling copy.chor] Line 112: move motor all 0.0% (0.001s)
2025-12-14 07:14:17,818 - [11-Final-3-crawling copy.chor] Line 112: sync command (0.517s)
2025-12-14 07:14:17,830 - [11-Final-3-crawling copy.chor] Line 111: move motor all 0.1% (0.001s)
2025-12-14 07:14:17,831 - [11-Final-3-crawling copy.chor] Line 112: move motor all 0.0% (0.0s)
2025-12-14 07:14:18,335 - [11-Final-3-crawling copy.chor] Line 112: sync command (0.516s)
2025-12-14 07:14:18,346 - [11-Final-3-crawling copy.chor] Line 111: move motor all 0.1% (0.001s)
2025-12-14 07:14:18,348 - [11-Final-3-crawling copy.chor] Line 112: move motor all 0.0% (0.001s)
2025-12-14 07:14:18,862 - [11-Final-3-crawling copy.chor] Line 112: sync command (0.527s)
2025-12-14 07:14:18,873 - [11-Final-3-crawling copy.chor] Line 111: move motor all 0.1% (0.0s)
2025-12-14 07:14:18,874 - [11-Final-3-crawling copy.chor] Line 112: move motor all 0.0% (0.0s)
2025-12-14 07:14:19,378 - [11-Final-3-crawling copy.chor] Line 112: sync command (0.515s)
2025-12-14 07:14:19,389 - [11-Final-3-crawling copy.chor] Line 111: move motor all 0.1% (0.001s)
2025-12-14 07:14:19,391 - [11-Final-3-crawling copy.chor] Line 112: move motor all 0.0% (0.001s)
2025-12-14 07:14:19,905 - [11-Final-3-crawling copy.chor] Line 112: sync command (0.526s)
2025-12-14 07:14:19,917 - [11-Final-3-crawling copy.chor] Line 111: move motor all 0.1% (0.001s)
2025-12-14 07:14:19,919 - [11-Final-3-crawling copy.chor] Line 112: move motor all 0.0% (0.001s)
2025-12-14 07:14:20,424 - [11-Final-3-crawling copy.chor] Line 112: sync command (0.518s)
2025-12-14 07:14:20,425 - [11-Final-3-crawling copy.chor] Line 116: set speed 0.01 frps (0.0s)
2025-12-14 07:14:20,436 - [11-Final-3-crawling copy.chor] Line 118: move motor 1 0.6% (0.0s)
2025-12-14 07:14:20,438 - [11-Final-3-crawling copy.chor] Line 119: move motor 2 0.58% (0.0s)
2025-12-14 07:14:20,439 - [11-Final-3-crawling copy.chor] Line 120: move motor 4 0.29% (0.0s)
2025-12-14 07:15:22,036 - [11-Final-3-crawling copy.chor] Line 120: sync command (61.611s)
2025-12-14 07:15:22,047 - [11-Final-3-crawling copy.chor] Line 124: move motor 1 0.3% (0.0s)
2025-12-14 07:15:22,048 - [11-Final-3-crawling copy.chor] Line 125: move motor 2 0.28% (0.0s)
2025-12-14 07:15:52,846 - [11-Final-3-crawling copy.chor] Line 125: sync command (30.809s)
2025-12-14 07:15:52,856 - [11-Final-3-crawling copy.chor] Line 129: move motor 1 0.6% (0.0s)
2025-12-14 07:15:52,857 - [11-Final-3-crawling copy.chor] Line 130: move motor 2 0.58% (0.0s)
2025-12-14 07:15:52,858 - [11-Final-3-crawling copy.chor] Line 131: move motor 4 0.29% (0.0s)
2025-12-14 07:16:23,656 - [11-Final-3-crawling copy.chor] Line 131: sync command (30.81s)
2025-12-14 07:16:23,762 - ========== FINISHED EXECUTION: 11-Final-3-crawling copy.chor ==========

2025-12-14 07:16:35,474 - ========== STARTING EXECUTION: 11-Final-5-deyma-bta3tina-forsa-tenye.chor ==========
2025-12-14 07:16:35,474 - Choreography content:
# after she start singing douha second time wil ka3bi banouha

set_frps 0.07

repeat 2{
move(1, 0.25)
move(4, 0.75)
 
sync{
move(1, 0.4)
move(2, 0.15)
move(4, 0.35)
 
}
 

sync{
move(1, 0.6)
move(2, 0.48)
move(4, 0.49)
}
}

2025-12-14 07:16:35,475 - ============================================================
2025-12-14 07:16:35,490 - [11-Final-5-deyma-bta3tina-forsa-tenye.chor] Line 3: set speed 0.07 frps (0.0s)
2025-12-14 07:16:35,491 - [11-Final-5-deyma-bta3tina-forsa-tenye.chor] Line 6: move motor 1 0.25% (0.0s)
2025-12-14 07:16:35,492 - [11-Final-5-deyma-bta3tina-forsa-tenye.chor] Line 7: move motor 4 0.75% (0.0s)
2025-12-14 07:16:43,140 - [11-Final-5-deyma-bta3tina-forsa-tenye.chor] Line 10: move motor 1 0.4% (0.0s)
2025-12-14 07:16:43,141 - [11-Final-5-deyma-bta3tina-forsa-tenye.chor] Line 11: move motor 2 0.15% (0.0s)
2025-12-14 07:16:43,142 - [11-Final-5-deyma-bta3tina-forsa-tenye.chor] Line 12: move motor 4 0.35% (0.0s)
2025-12-14 07:16:50,176 - [11-Final-5-deyma-bta3tina-forsa-tenye.chor] Line 12: sync command (14.683s)
2025-12-14 07:16:50,188 - [11-Final-5-deyma-bta3tina-forsa-tenye.chor] Line 18: move motor 1 0.6% (0.001s)
2025-12-14 07:16:50,190 - [11-Final-5-deyma-bta3tina-forsa-tenye.chor] Line 19: move motor 2 0.48% (0.0s)
2025-12-14 07:16:50,192 - [11-Final-5-deyma-bta3tina-forsa-tenye.chor] Line 20: move motor 4 0.49% (0.001s)
2025-12-14 07:16:55,467 - [11-Final-5-deyma-bta3tina-forsa-tenye.chor] Line 20: sync command (5.289s)
2025-12-14 07:16:55,468 - [11-Final-5-deyma-bta3tina-forsa-tenye.chor] Line 6: move motor 1 0.25% (0.0s)
2025-12-14 07:16:55,468 - [11-Final-5-deyma-bta3tina-forsa-tenye.chor] Line 7: move motor 4 0.75% (0.0s)
2025-12-14 07:17:01,389 - [11-Final-5-deyma-bta3tina-forsa-tenye.chor] Line 10: move motor 1 0.4% (0.0s)
2025-12-14 07:17:01,390 - [11-Final-5-deyma-bta3tina-forsa-tenye.chor] Line 11: move motor 2 0.15% (0.0s)
2025-12-14 07:17:01,390 - [11-Final-5-deyma-bta3tina-forsa-tenye.chor] Line 12: move motor 4 0.35% (0.0s)
2025-12-14 07:17:08,150 - [11-Final-5-deyma-bta3tina-forsa-tenye.chor] Line 12: sync command (12.682s)
2025-12-14 07:17:08,161 - [11-Final-5-deyma-bta3tina-forsa-tenye.chor] Line 18: move motor 1 0.6% (0.0s)
2025-12-14 07:17:08,162 - [11-Final-5-deyma-bta3tina-forsa-tenye.chor] Line 19: move motor 2 0.48% (0.0s)
2025-12-14 07:17:08,163 - [11-Final-5-deyma-bta3tina-forsa-tenye.chor] Line 20: move motor 4 0.49% (0.0s)
2025-12-14 07:17:13,441 - [11-Final-5-deyma-bta3tina-forsa-tenye.chor] Line 20: sync command (5.291s)
2025-12-14 07:17:13,513 - ========== FINISHED EXECUTION: 11-Final-5-deyma-bta3tina-forsa-tenye.chor ==========

2025-12-14 07:17:24,836 - ========== STARTING EXECUTION: 11-Final-6-sec-douha.chor ==========
2025-12-14 07:17:24,837 - Choreography content:
# Total time: ~4 seconds - cut the third one in half
# Gentle closing gesture with slight sway and settle

# Single sway
set_frps 0.08

sync {
    move(1, 0.6)
    move(2, 0.55)
    move(4, 0.58)
}
wait(0.5)

# Settle center
set_frps 0.06
sync {
    move(1, 0.5)
    move(2, 0.48)
    move(4, 0.49)
}




2025-12-14 07:17:24,837 - ============================================================
2025-12-14 07:17:24,852 - [11-Final-6-sec-douha.chor] Line 5: set speed 0.08 frps (0.0s)
2025-12-14 07:17:24,863 - [11-Final-6-sec-douha.chor] Line 8: move motor 1 0.6% (0.0s)
2025-12-14 07:17:24,864 - [11-Final-6-sec-douha.chor] Line 9: move motor 2 0.55% (0.0s)
2025-12-14 07:17:24,865 - [11-Final-6-sec-douha.chor] Line 10: move motor 4 0.58% (0.0s)
2025-12-14 07:17:26,204 - [11-Final-6-sec-douha.chor] Line 10: sync command (1.352s)
2025-12-14 07:17:26,716 - [11-Final-6-sec-douha.chor] Line 12: wait 0.5s (0.51s)
2025-12-14 07:17:26,717 - [11-Final-6-sec-douha.chor] Line 15: set speed 0.06 frps (0.0s)
2025-12-14 07:17:26,727 - [11-Final-6-sec-douha.chor] Line 17: move motor 1 0.5% (0.0s)
2025-12-14 07:17:26,728 - [11-Final-6-sec-douha.chor] Line 18: move motor 2 0.48% (0.0s)
2025-12-14 07:17:26,729 - [11-Final-6-sec-douha.chor] Line 19: move motor 4 0.49% (0.0s)
2025-12-14 07:17:28,675 - [11-Final-6-sec-douha.chor] Line 19: sync command (1.957s)
2025-12-14 07:17:28,746 - ========== FINISHED EXECUTION: 11-Final-6-sec-douha.chor ==========

2025-12-14 07:17:56,590 - Edited choreography file: 11-Final-9-crawling.chor (1934 chars)
2025-12-14 07:18:15,777 - Edited choreography file: 11-Final-3-crawling.chor (2197 chars)
2025-12-14 07:18:28,655 - Edited choreography file: OLD-awakening.chor (767 chars)
2025-12-14 07:18:41,592 - ========== STARTING RESET SEQUENCE ==========
2025-12-14 07:18:41,593 - Reset choreography content:
set_frps 0.5
sync {
    move(1, 0)
    move(2, 0)
    move(3, 0)
    move(4, 0)
}
2025-12-14 07:18:41,607 - [reset] Line 1: set speed 0.5 frps (0.0s)
2025-12-14 07:18:41,618 - [reset] Line 3: move motor 1 0.0% (0.0s)
2025-12-14 07:18:41,619 - [reset] Line 4: move motor 2 0.0% (0.0s)
2025-12-14 07:18:41,620 - [reset] Line 5: move motor 3 0.0% (0.0s)
2025-12-14 07:18:41,621 - [reset] Line 6: move motor 4 0.0% (0.0s)
2025-12-14 07:18:43,855 - [reset] Line 6: sync command (2.247s)
2025-12-14 07:18:43,921 - ========== FINISHED RESET SEQUENCE ==========

2025-12-14 07:21:31,427 - Edited choreography file: 00-New-Awakening.chor (218 chars)
