2025-12-05 13:50:07,121 - === Choreography Debug Mode Enabled ===
2025-12-05 13:50:07,122 - Logging to: /home/pi/Code/logs/choreography_debug_20251205_135007.log
2025-12-05 13:56:50,994 - ========== STARTING EXECUTION: 00-awakening.chor ==========
2025-12-05 13:56:50,996 - Choreography content:
# Total time: ~30 seconds
# Slow awakening sequence with gradual materialization movements

 
set_frps 0.03

sync {
    move(1, 0.02)
    move(4, 0.10)
    move(2, 0.01)
}

 
set_frps 0.035
move(1, 0.12)
wait(1.5)
move(2, 0.20)
wait(1.8)
move(4, 0.11)
wait(3.8)

set_frps 0.28
move(2, 0.45)

wait(2)

set_frps 0.028
sync {
    move(1, 0.25)
    move(2, 0.25)
    move(4, 0.22)
}

 
set_frps 0.049
move(1, 0.08)

move(2, 0.015)

move(4, 0.018)

 
set_frps 0.035
move(1, 0.12)
wait(1.5)
move(2, 0.10)
wait(1.8)
move(4, 0.11)
wait(1.8)


set_frps 0.028
sync {
    move(1, 0.25)
    move(2, 0.2)
    move(4, 0.22)
}


set_frps 0.03
sync {
    move(1, 0.22)
    move(2, 0.18)
    move(4, 0.2)
}

wait(4)
set_frps 0.06
sync {
    move(1, 0)
    move(2, 0)
    move(4, 0)
}

2025-12-05 13:56:51,004 - ============================================================
2025-12-05 13:56:51,203 - [00-awakening.chor] Line 5: set speed 0.03 frps (0.0s)
2025-12-05 13:56:51,215 - [00-awakening.chor] Line 8: move motor 1 0.02% (0.001s)
2025-12-05 13:56:51,218 - [00-awakening.chor] Line 9: move motor 4 0.1% (0.001s)
2025-12-05 13:56:51,225 - [00-awakening.chor] Line 10: move motor 2 0.01% (0.002s)
2025-12-05 13:57:09,333 - [00-awakening.chor] Line 10: sync command (18.128s)
2025-12-05 13:57:09,335 - [00-awakening.chor] Line 14: set speed 0.035 frps (0.0s)
2025-12-05 13:57:09,338 - [00-awakening.chor] Line 15: move motor 1 0.12% (0.001s)
2025-12-05 13:57:12,606 - [00-awakening.chor] Line 16: wait 1.5s (3.266s)
2025-12-05 13:57:12,608 - [00-awakening.chor] Line 17: move motor 2 0.2% (0.001s)
2025-12-05 13:57:18,571 - [00-awakening.chor] Line 18: wait 1.8s (5.961s)
2025-12-05 13:57:18,574 - [00-awakening.chor] Line 19: move motor 4 0.11% (0.001s)
2025-12-05 13:57:22,389 - [00-awakening.chor] Line 20: wait 3.8s (3.813s)
2025-12-05 13:57:22,391 - [00-awakening.chor] Line 22: set speed 0.28 frps (0.0s)
2025-12-05 13:57:22,393 - [00-awakening.chor] Line 23: move motor 2 0.45% (0.001s)
2025-12-05 13:57:24,407 - [00-awakening.chor] Line 25: wait 2.0s (2.012s)
2025-12-05 13:57:24,409 - [00-awakening.chor] Line 27: set speed 0.028 frps (0.0s)
2025-12-05 13:57:24,422 - [00-awakening.chor] Line 29: move motor 1 0.25% (0.001s)
2025-12-05 13:57:24,424 - [00-awakening.chor] Line 30: move motor 2 0.25% (0.001s)
2025-12-05 13:57:24,426 - [00-awakening.chor] Line 31: move motor 4 0.22% (0.001s)
2025-12-05 13:57:32,126 - [00-awakening.chor] Line 31: sync command (7.716s)
2025-12-05 13:57:32,128 - [00-awakening.chor] Line 35: set speed 0.049 frps (0.0s)
2025-12-05 13:57:32,130 - [00-awakening.chor] Line 36: move motor 1 0.08% (0.0s)
2025-12-05 13:57:32,134 - [00-awakening.chor] Line 38: move motor 2 0.015% (0.001s)
2025-12-05 13:57:32,137 - [00-awakening.chor] Line 40: move motor 4 0.018% (0.001s)
2025-12-05 13:57:32,139 - [00-awakening.chor] Line 43: set speed 0.035 frps (0.0s)
2025-12-05 13:57:32,141 - [00-awakening.chor] Line 44: move motor 1 0.12% (0.001s)
2025-12-05 13:57:39,483 - [00-awakening.chor] Line 45: wait 1.5s (7.341s)
2025-12-05 13:57:39,486 - [00-awakening.chor] Line 46: move motor 2 0.1% (0.001s)
2025-12-05 13:57:42,141 - [00-awakening.chor] Line 47: wait 1.8s (2.652s)
2025-12-05 13:57:42,144 - [00-awakening.chor] Line 48: move motor 4 0.11% (0.001s)
2025-12-05 13:57:44,424 - [00-awakening.chor] Line 49: wait 1.8s (2.278s)
2025-12-05 13:57:44,426 - [00-awakening.chor] Line 52: set speed 0.028 frps (0.0s)
2025-12-05 13:57:44,439 - [00-awakening.chor] Line 54: move motor 1 0.25% (0.001s)
2025-12-05 13:57:44,442 - [00-awakening.chor] Line 55: move motor 2 0.2% (0.001s)
2025-12-05 13:57:44,446 - [00-awakening.chor] Line 56: move motor 4 0.22% (0.001s)
2025-12-05 13:57:49,627 - [00-awakening.chor] Line 56: sync command (5.199s)
2025-12-05 13:57:49,628 - [00-awakening.chor] Line 60: set speed 0.03 frps (0.0s)
2025-12-05 13:57:49,641 - [00-awakening.chor] Line 62: move motor 1 0.22% (0.001s)
2025-12-05 13:57:49,645 - [00-awakening.chor] Line 63: move motor 2 0.18% (0.001s)
2025-12-05 13:57:49,647 - [00-awakening.chor] Line 64: move motor 4 0.2% (0.0s)
2025-12-05 13:57:50,782 - [00-awakening.chor] Line 64: sync command (1.153s)
2025-12-05 13:57:54,795 - [00-awakening.chor] Line 67: wait 4.0s (4.011s)
2025-12-05 13:57:54,797 - [00-awakening.chor] Line 68: set speed 0.06 frps (0.0s)
2025-12-05 13:57:54,811 - [00-awakening.chor] Line 70: move motor 1 0.0% (0.001s)
2025-12-05 13:57:54,814 - [00-awakening.chor] Line 71: move motor 2 0.0% (0.001s)
2025-12-05 13:57:54,818 - [00-awakening.chor] Line 72: move motor 4 0.0% (0.001s)
2025-12-05 13:57:59,329 - [00-awakening.chor] Line 72: sync command (4.53s)
2025-12-05 13:57:59,610 - ========== FINISHED EXECUTION: 00-awakening.chor ==========

2025-12-05 14:07:20,149 - ========== STARTING EXECUTION: 02-ightirab-makani.chor ==========
2025-12-05 14:07:20,151 - Choreography content:
# Total time: ~2 seconds
# Sharp recoil movement backwards on all motors

# Sharp recoil backwards
set_frps 20
sync {
    move(1, 0.2)
    move(2, 0.15)
    move(4, 0.17)
}



# Reset to zero for next scene
set_frps 2
sync {
    move(1, 0)
    move(2, 0)
    move(4, 0)
}

2025-12-05 14:07:20,152 - ============================================================
2025-12-05 14:07:20,255 - [02-ightirab-makani.chor] Line 5: set speed 20.0 frps (0.0s)
2025-12-05 14:07:20,267 - [02-ightirab-makani.chor] Line 7: move motor 1 0.2% (0.001s)
2025-12-05 14:07:20,272 - [02-ightirab-makani.chor] Line 8: move motor 2 0.15% (0.001s)
2025-12-05 14:07:20,275 - [02-ightirab-makani.chor] Line 9: move motor 4 0.17% (0.001s)
2025-12-05 14:07:20,967 - [02-ightirab-makani.chor] Line 9: sync command (0.71s)
2025-12-05 14:07:20,969 - [02-ightirab-makani.chor] Line 15: set speed 2.0 frps (0.0s)
2025-12-05 14:07:20,981 - [02-ightirab-makani.chor] Line 17: move motor 1 0.0% (0.001s)
2025-12-05 14:07:20,983 - [02-ightirab-makani.chor] Line 18: move motor 2 0.0% (0.0s)
2025-12-05 14:07:20,985 - [02-ightirab-makani.chor] Line 19: move motor 4 0.0% (0.001s)
2025-12-05 14:07:21,815 - [02-ightirab-makani.chor] Line 19: sync command (0.845s)
2025-12-05 14:07:22,050 - ========== FINISHED EXECUTION: 02-ightirab-makani.chor ==========

2025-12-05 14:12:19,850 - ========== STARTING EXECUTION: 03-dabke.chor ==========
2025-12-05 14:12:19,852 - Choreography content:
# Total time: ~19 seconds
# Traditional dabke dance with stomping rhythm and motor 4 showing off

# Opening - All three motors stomping together (the line forms)
set_frps 0.2

# Basic dabke step: STOMP-step-STOMP-step
sync {
    move(1, 0.4)
    move(2, 0.35)
    move(4, 0.37)
}
wait(0.1)
sync {
    move(1, 0.2)
    move(2, 0.15)
    move(4, 0.17)
}
wait(0.15)

sync {
    move(1, 0.45)
    move(2, 0.4)
    move(4, 0.42)
}
wait(0.1)
sync {
    move(1, 0.2)
    move(2, 0.15)
    move(4, 0.17)
}
wait(0.2)

# Continue line dancing - building energy
set_frps 0.35
sync {
    move(1, 0.5)
    move(2, 0.45)
    move(4, 0.47)
}
wait(0.1)
sync {
    move(1, 0.25)
    move(2, 0.2)
    move(4, 0.22)
}
wait(0.2)

sync {
    move(1, 0.55)
    move(2, 0.5)
    move(4, 0.52)
}
wait(0.1)


# Reset to zero for next scene
set_frps 0.15
sync {
    move(1, 0)
    move(2, 0)
    move(4, 0)
}

2025-12-05 14:12:19,854 - ============================================================
2025-12-05 14:12:20,004 - [03-dabke.chor] Line 5: set speed 0.2 frps (0.0s)
2025-12-05 14:12:20,016 - [03-dabke.chor] Line 9: move motor 1 0.4% (0.001s)
2025-12-05 14:12:20,018 - [03-dabke.chor] Line 10: move motor 2 0.35% (0.001s)
2025-12-05 14:12:20,021 - [03-dabke.chor] Line 11: move motor 4 0.37% (0.001s)
2025-12-05 14:12:23,468 - [03-dabke.chor] Line 11: sync command (3.463s)
2025-12-05 14:12:23,580 - [03-dabke.chor] Line 13: wait 0.1s (0.11s)
2025-12-05 14:12:23,592 - [03-dabke.chor] Line 15: move motor 1 0.2% (0.001s)
2025-12-05 14:12:23,594 - [03-dabke.chor] Line 16: move motor 2 0.15% (0.001s)
2025-12-05 14:12:23,595 - [03-dabke.chor] Line 17: move motor 4 0.17% (0.0s)
2025-12-05 14:12:25,303 - [03-dabke.chor] Line 17: sync command (1.722s)
2025-12-05 14:12:25,468 - [03-dabke.chor] Line 19: wait 0.15s (0.16s)
2025-12-05 14:12:25,480 - [03-dabke.chor] Line 22: move motor 1 0.45% (0.001s)
2025-12-05 14:12:25,482 - [03-dabke.chor] Line 23: move motor 2 0.4% (0.0s)
2025-12-05 14:12:25,484 - [03-dabke.chor] Line 24: move motor 4 0.42% (0.0s)
2025-12-05 14:12:27,700 - [03-dabke.chor] Line 24: sync command (2.231s)
2025-12-05 14:12:27,813 - [03-dabke.chor] Line 26: wait 0.1s (0.11s)
2025-12-05 14:12:27,825 - [03-dabke.chor] Line 28: move motor 1 0.2% (0.001s)
2025-12-05 14:12:27,828 - [03-dabke.chor] Line 29: move motor 2 0.15% (0.001s)
2025-12-05 14:12:27,831 - [03-dabke.chor] Line 30: move motor 4 0.17% (0.001s)
2025-12-05 14:12:30,015 - [03-dabke.chor] Line 30: sync command (2.201s)
2025-12-05 14:12:30,227 - [03-dabke.chor] Line 32: wait 0.2s (0.21s)
2025-12-05 14:12:30,228 - [03-dabke.chor] Line 35: set speed 0.35 frps (0.0s)
2025-12-05 14:12:30,240 - [03-dabke.chor] Line 37: move motor 1 0.5% (0.001s)
2025-12-05 14:12:30,242 - [03-dabke.chor] Line 38: move motor 2 0.45% (0.001s)
2025-12-05 14:12:30,245 - [03-dabke.chor] Line 39: move motor 4 0.47% (0.0s)
2025-12-05 14:12:32,187 - [03-dabke.chor] Line 39: sync command (1.958s)
2025-12-05 14:12:32,299 - [03-dabke.chor] Line 41: wait 0.1s (0.11s)
2025-12-05 14:12:32,312 - [03-dabke.chor] Line 43: move motor 1 0.25% (0.001s)
2025-12-05 14:12:32,314 - [03-dabke.chor] Line 44: move motor 2 0.2% (0.001s)
2025-12-05 14:12:32,316 - [03-dabke.chor] Line 45: move motor 4 0.22% (0.001s)
2025-12-05 14:12:33,975 - [03-dabke.chor] Line 45: sync command (1.674s)
2025-12-05 14:12:34,188 - [03-dabke.chor] Line 47: wait 0.2s (0.211s)
2025-12-05 14:12:34,203 - [03-dabke.chor] Line 50: move motor 1 0.55% (0.001s)
2025-12-05 14:12:34,206 - [03-dabke.chor] Line 51: move motor 2 0.5% (0.001s)
2025-12-05 14:12:34,210 - [03-dabke.chor] Line 52: move motor 4 0.52% (0.001s)
2025-12-05 14:12:36,130 - [03-dabke.chor] Line 52: sync command (1.941s)
2025-12-05 14:12:36,242 - [03-dabke.chor] Line 54: wait 0.1s (0.11s)
2025-12-05 14:12:36,244 - [03-dabke.chor] Line 58: set speed 0.15 frps (0.0s)
2025-12-05 14:12:36,257 - [03-dabke.chor] Line 60: move motor 1 0.0% (0.001s)
2025-12-05 14:12:36,259 - [03-dabke.chor] Line 61: move motor 2 0.0% (0.001s)
2025-12-05 14:12:36,262 - [03-dabke.chor] Line 62: move motor 4 0.0% (0.001s)
2025-12-05 14:12:41,943 - [03-dabke.chor] Line 62: sync command (5.698s)
2025-12-05 14:12:42,231 - ========== FINISHED EXECUTION: 03-dabke.chor ==========

2025-12-05 14:23:49,210 - ========== STARTING EXECUTION: 035-ya shourafa2 hazihi l ard.chor ==========
2025-12-05 14:23:49,212 - Choreography content:
# Total time: ~49 seconds
# Romantic slow swaying motion back and forth

# Gentle sway right
set_frps 0.02
sync {
    move(1, 0.45)
    move(2, 0.5)
    move(4, 0.42)
}
wait(1)

# Sway left
set_frps 0.02
sync {
    move(1, 0.35)
    move(2, 0.3)
    move(4, 0.38)
}
wait(1.5)


# Reset to zero for next scene
set_frps 0.1
sync {
    move(1, 0)
    move(2, 0)
    move(4, 0)
}

2025-12-05 14:23:49,216 - ============================================================
2025-12-05 14:23:49,315 - [035-ya shourafa2 hazihi l ard.chor] Line 5: set speed 0.02 frps (0.0s)
2025-12-05 14:23:49,327 - [035-ya shourafa2 hazihi l ard.chor] Line 7: move motor 1 0.45% (0.001s)
2025-12-05 14:23:49,329 - [035-ya shourafa2 hazihi l ard.chor] Line 8: move motor 2 0.5% (0.0s)
2025-12-05 14:23:49,331 - [035-ya shourafa2 hazihi l ard.chor] Line 9: move motor 4 0.42% (0.0s)
2025-12-05 14:24:15,532 - [035-ya shourafa2 hazihi l ard.chor] Line 9: sync command (26.215s)
2025-12-05 14:24:16,555 - [035-ya shourafa2 hazihi l ard.chor] Line 11: wait 1.0s (1.01s)
2025-12-05 14:24:16,558 - [035-ya shourafa2 hazihi l ard.chor] Line 14: set speed 0.02 frps (0.0s)
2025-12-05 14:24:16,577 - [035-ya shourafa2 hazihi l ard.chor] Line 16: move motor 1 0.35% (0.004s)
2025-12-05 14:24:16,585 - [035-ya shourafa2 hazihi l ard.chor] Line 17: move motor 2 0.3% (0.003s)
2025-12-05 14:24:16,588 - [035-ya shourafa2 hazihi l ard.chor] Line 18: move motor 4 0.38% (0.001s)
2025-12-05 14:24:27,119 - [035-ya shourafa2 hazihi l ard.chor] Line 18: sync command (10.559s)
2025-12-05 14:24:28,632 - [035-ya shourafa2 hazihi l ard.chor] Line 20: wait 1.5s (1.511s)
2025-12-05 14:24:28,634 - [035-ya shourafa2 hazihi l ard.chor] Line 24: set speed 0.1 frps (0.0s)
2025-12-05 14:24:28,647 - [035-ya shourafa2 hazihi l ard.chor] Line 26: move motor 1 0.0% (0.001s)
2025-12-05 14:24:28,650 - [035-ya shourafa2 hazihi l ard.chor] Line 27: move motor 2 0.0% (0.001s)
2025-12-05 14:24:28,653 - [035-ya shourafa2 hazihi l ard.chor] Line 28: move motor 4 0.0% (0.001s)
2025-12-05 14:24:33,885 - [035-ya shourafa2 hazihi l ard.chor] Line 28: sync command (5.249s)
2025-12-05 14:24:34,122 - ========== FINISHED EXECUTION: 035-ya shourafa2 hazihi l ard.chor ==========

2025-12-05 14:27:43,495 - ========== STARTING EXECUTION: 04-barry-white.chor ==========
2025-12-05 14:27:43,508 - Choreography content:
# Total time: ~48 seconds
# Smooth sensual movements building from gentle sway to passionate crescendo

set_frps 0.12;
sync {
    move(1, 0.3);
    move(2, 0.2);
    move(4, 0.25);
}
wait(1);

# First verse
set_frps 0.18;
sync {
    move(1, 0.6);
    move(2, 0.5);
    move(4, 0.55);
}
wait(0.5);

set_frps 0.18;
sync {
    move(1, 0.3);
    move(2, 0.2);
    move(4, 0.25);
}
wait(0.5);

# Building intensity
set_frps 0.25;
sync {
    move(1, 0.75);
    move(2, 0.65);
    move(4, 0.7);
}
wait(0.8);

# Chorus
repeat 2 {
    set_frps 0.3;
    sync {
        move(1, 0.85);
        move(2, 0.8);
        move(4, 0.82);
    }
    wait(0.4);
    
    set_frps 0.35;
    sync {
        move(1, 0.4);
        move(2, 0.35);
        move(4, 0.38);
    }
    wait(0.4);
}

# Bridge
set_frps 0.15;
move(1, 0.9);
wait(0.3);
move(2, 0.85);
wait(0.3);
move(4, 0.88);
wait(0.6);

# Smooth descent
set_frps 0.2;
sync {
    move(1, 0.5);
    move(2, 0.45);
    move(4, 0.48);
}
wait(0.4);

# Outro
set_frps 0.15;
sync {
    move(1, 0.3);
    move(2, 0.25);
    move(4, 0.28);
}
wait(0.5);

# Final resolution
set_frps 0.08;
sync {
    move(1, 0);
    move(2, 0);
    move(4, 0);
}

2025-12-05 14:27:43,518 - ============================================================
2025-12-05 14:27:43,725 - [04-barry-white.chor] Line 4: set speed 0.12 frps (0.0s)
2025-12-05 14:27:43,737 - [04-barry-white.chor] Line 6: move motor 1 0.3% (0.0s)
2025-12-05 14:27:43,739 - [04-barry-white.chor] Line 7: move motor 2 0.2% (0.0s)
2025-12-05 14:27:43,741 - [04-barry-white.chor] Line 8: move motor 4 0.25% (0.001s)
2025-12-05 14:27:47,304 - [04-barry-white.chor] Line 8: sync command (3.578s)
2025-12-05 14:27:48,318 - [04-barry-white.chor] Line 10: wait 1.0s (1.011s)
2025-12-05 14:27:48,320 - [04-barry-white.chor] Line 13: set speed 0.18 frps (0.0s)
2025-12-05 14:27:48,341 - [04-barry-white.chor] Line 15: move motor 1 0.6% (0.007s)
2025-12-05 14:27:48,344 - [04-barry-white.chor] Line 16: move motor 2 0.5% (0.001s)
2025-12-05 14:27:48,351 - [04-barry-white.chor] Line 17: move motor 4 0.55% (0.001s)
2025-12-05 14:27:51,189 - [04-barry-white.chor] Line 17: sync command (2.868s)
2025-12-05 14:27:51,701 - [04-barry-white.chor] Line 19: wait 0.5s (0.51s)
2025-12-05 14:27:51,703 - [04-barry-white.chor] Line 21: set speed 0.18 frps (0.0s)
2025-12-05 14:27:51,715 - [04-barry-white.chor] Line 23: move motor 1 0.3% (0.0s)
2025-12-05 14:27:51,717 - [04-barry-white.chor] Line 24: move motor 2 0.2% (0.001s)
2025-12-05 14:27:51,719 - [04-barry-white.chor] Line 25: move motor 4 0.25% (0.001s)
2025-12-05 14:27:54,538 - [04-barry-white.chor] Line 25: sync command (2.834s)
2025-12-05 14:27:55,050 - [04-barry-white.chor] Line 27: wait 0.5s (0.511s)
2025-12-05 14:27:55,052 - [04-barry-white.chor] Line 30: set speed 0.25 frps (0.0s)
2025-12-05 14:27:55,064 - [04-barry-white.chor] Line 32: move motor 1 0.75% (0.001s)
2025-12-05 14:27:55,066 - [04-barry-white.chor] Line 33: move motor 2 0.65% (0.001s)
2025-12-05 14:27:55,069 - [04-barry-white.chor] Line 34: move motor 4 0.7% (0.001s)
2025-12-05 14:27:58,580 - [04-barry-white.chor] Line 34: sync command (3.527s)
2025-12-05 14:27:59,393 - [04-barry-white.chor] Line 36: wait 0.8s (0.81s)
2025-12-05 14:27:59,397 - [04-barry-white.chor] Line 40: set speed 0.3 frps (0.0s)
2025-12-05 14:27:59,411 - [04-barry-white.chor] Line 42: move motor 1 0.85% (0.001s)
2025-12-05 14:27:59,415 - [04-barry-white.chor] Line 43: move motor 2 0.8% (0.001s)
2025-12-05 14:27:59,419 - [04-barry-white.chor] Line 44: move motor 4 0.82% (0.002s)
2025-12-05 14:28:00,259 - [04-barry-white.chor] Line 44: sync command (0.86s)
2025-12-05 14:28:00,672 - [04-barry-white.chor] Line 46: wait 0.4s (0.411s)
2025-12-05 14:28:00,675 - [04-barry-white.chor] Line 48: set speed 0.35 frps (0.0s)
2025-12-05 14:28:00,688 - [04-barry-white.chor] Line 50: move motor 1 0.4% (0.001s)
2025-12-05 14:28:00,693 - [04-barry-white.chor] Line 51: move motor 2 0.35% (0.002s)
2025-12-05 14:28:00,699 - [04-barry-white.chor] Line 52: move motor 4 0.38% (0.001s)
2025-12-05 14:28:03,521 - [04-barry-white.chor] Line 52: sync command (2.845s)
2025-12-05 14:28:03,933 - [04-barry-white.chor] Line 54: wait 0.4s (0.411s)
2025-12-05 14:28:03,935 - [04-barry-white.chor] Line 40: set speed 0.3 frps (0.0s)
2025-12-05 14:28:03,950 - [04-barry-white.chor] Line 42: move motor 1 0.85% (0.001s)
2025-12-05 14:28:03,952 - [04-barry-white.chor] Line 43: move motor 2 0.8% (0.001s)
2025-12-05 14:28:03,954 - [04-barry-white.chor] Line 44: move motor 4 0.82% (0.0s)
2025-12-05 14:28:07,137 - [04-barry-white.chor] Line 44: sync command (3.199s)
2025-12-05 14:28:07,550 - [04-barry-white.chor] Line 46: wait 0.4s (0.411s)
2025-12-05 14:28:07,552 - [04-barry-white.chor] Line 48: set speed 0.35 frps (0.0s)
2025-12-05 14:28:07,566 - [04-barry-white.chor] Line 50: move motor 1 0.4% (0.001s)
2025-12-05 14:28:07,569 - [04-barry-white.chor] Line 51: move motor 2 0.35% (0.001s)
2025-12-05 14:28:07,572 - [04-barry-white.chor] Line 52: move motor 4 0.38% (0.001s)
2025-12-05 14:28:10,467 - [04-barry-white.chor] Line 52: sync command (2.913s)
2025-12-05 14:28:10,880 - [04-barry-white.chor] Line 54: wait 0.4s (0.41s)
2025-12-05 14:28:10,881 - [04-barry-white.chor] Line 58: set speed 0.15 frps (0.0s)
2025-12-05 14:28:10,883 - [04-barry-white.chor] Line 59: move motor 1 0.9% (0.0s)
2025-12-05 14:28:16,188 - [04-barry-white.chor] Line 60: wait 0.3s (5.303s)
2025-12-05 14:28:16,191 - [04-barry-white.chor] Line 61: move motor 2 0.85% (0.001s)
2025-12-05 14:28:20,781 - [04-barry-white.chor] Line 62: wait 0.3s (4.588s)
2025-12-05 14:28:20,784 - [04-barry-white.chor] Line 63: move motor 4 0.88% (0.001s)
2025-12-05 14:28:25,976 - [04-barry-white.chor] Line 64: wait 0.6s (5.189s)
2025-12-05 14:28:25,978 - [04-barry-white.chor] Line 67: set speed 0.2 frps (0.0s)
2025-12-05 14:28:25,992 - [04-barry-white.chor] Line 69: move motor 1 0.5% (0.001s)
2025-12-05 14:28:25,996 - [04-barry-white.chor] Line 70: move motor 2 0.45% (0.001s)
2025-12-05 14:28:26,001 - [04-barry-white.chor] Line 71: move motor 4 0.48% (0.001s)
2025-12-05 14:28:29,452 - [04-barry-white.chor] Line 71: sync command (3.472s)
2025-12-05 14:28:29,864 - [04-barry-white.chor] Line 73: wait 0.4s (0.41s)
2025-12-05 14:28:29,866 - [04-barry-white.chor] Line 76: set speed 0.15 frps (0.0s)
2025-12-05 14:28:29,879 - [04-barry-white.chor] Line 78: move motor 1 0.3% (0.001s)
2025-12-05 14:28:29,882 - [04-barry-white.chor] Line 79: move motor 2 0.25% (0.001s)
2025-12-05 14:28:29,885 - [04-barry-white.chor] Line 80: move motor 4 0.28% (0.001s)
2025-12-05 14:28:31,993 - [04-barry-white.chor] Line 80: sync command (2.125s)
2025-12-05 14:28:32,505 - [04-barry-white.chor] Line 82: wait 0.5s (0.511s)
2025-12-05 14:28:32,507 - [04-barry-white.chor] Line 85: set speed 0.08 frps (0.0s)
2025-12-05 14:28:32,521 - [04-barry-white.chor] Line 87: move motor 1 0.0% (0.001s)
2025-12-05 14:28:32,523 - [04-barry-white.chor] Line 88: move motor 2 0.0% (0.001s)
2025-12-05 14:28:32,525 - [04-barry-white.chor] Line 89: move motor 4 0.0% (0.001s)
2025-12-05 14:28:37,437 - [04-barry-white.chor] Line 89: sync command (4.928s)
2025-12-05 14:28:37,713 - ========== FINISHED EXECUTION: 04-barry-white.chor ==========

2025-12-05 14:35:57,353 - ========== STARTING EXECUTION: 06-icarus.chor ==========
2025-12-05 14:35:57,355 - Choreography content:
# Total time: ~9 seconds
# Simple rise and fall motion with motors 1 and 2

set_frps 0.02
sync {
  move(1, 0.15)
  move(2, 0.15)

}

sync {
move(1, 0)
move(2, 0)
}
2025-12-05 14:35:57,356 - ============================================================
2025-12-05 14:35:57,444 - [06-icarus.chor] Line 4: set speed 0.02 frps (0.0s)
2025-12-05 14:35:57,457 - [06-icarus.chor] Line 6: move motor 1 0.15% (0.001s)
2025-12-05 14:35:57,459 - [06-icarus.chor] Line 7: move motor 2 0.15% (0.0s)
2025-12-05 14:36:05,587 - [06-icarus.chor] Line 7: sync command (8.139s)
2025-12-05 14:36:05,603 - [06-icarus.chor] Line 12: move motor 1 0.0% (0.001s)
2025-12-05 14:36:05,609 - [06-icarus.chor] Line 13: move motor 2 0.0% (0.002s)
2025-12-05 14:36:13,730 - [06-icarus.chor] Line 13: sync command (8.138s)
2025-12-05 14:36:14,033 - ========== FINISHED EXECUTION: 06-icarus.chor ==========

2025-12-05 14:47:38,875 - ========== STARTING EXECUTION: 09- explosion1.chor ==========
2025-12-05 14:47:38,876 - Choreography content:
set_frps 0.018

sync{
move (all,0.3)
}
 
2025-12-05 14:47:38,878 - ============================================================
2025-12-05 14:47:38,976 - [09- explosion1.chor] Line 1: set speed 0.018 frps (0.0s)
2025-12-05 14:47:38,994 - [09- explosion1.chor] Line 4: move motor all 0.3% (0.006s)
2025-12-05 14:47:56,912 - [09- explosion1.chor] Line 4: sync command (17.934s)
2025-12-05 14:47:57,213 - ========== FINISHED EXECUTION: 09- explosion1.chor ==========

2025-12-05 14:48:07,000 - ========== STARTING EXECUTION: 10-explosion.chor ==========
2025-12-05 14:48:07,001 - Choreography content:
set_frps 200

 
sync{
move(all,0)

}
 
2025-12-05 14:48:07,003 - ============================================================
2025-12-05 14:48:07,089 - [10-explosion.chor] Line 1: set speed 200.0 frps (0.0s)
2025-12-05 14:48:07,102 - [10-explosion.chor] Line 5: move motor all 0.0% (0.001s)
2025-12-05 14:48:08,094 - [10-explosion.chor] Line 5: sync command (1.004s)
2025-12-05 14:48:08,356 - ========== FINISHED EXECUTION: 10-explosion.chor ==========

2025-12-05 14:54:58,369 - ========== STARTING EXECUTION: 11-Final-5sec.chor ==========
2025-12-05 14:54:58,371 - Choreography content:
# Total time: ~4 seconds
# Gentle closing gesture with slight sway and settle

# Single sway
set_frps 0.08

sync {
    move(1, 0.6)
    move(2, 0.55)
    move(4, 0.58)
}
wait(0.5)

# Settle center
set_frps 0.06
sync {
    move(1, 0.5)
    move(2, 0.48)
    move(4, 0.49)
}




2025-12-05 14:54:58,372 - ============================================================
2025-12-05 14:54:58,463 - [11-Final-5sec.chor] Line 5: set speed 0.08 frps (0.0s)
2025-12-05 14:54:58,475 - [11-Final-5sec.chor] Line 8: move motor 1 0.6% (0.001s)
2025-12-05 14:54:58,478 - [11-Final-5sec.chor] Line 9: move motor 2 0.55% (0.001s)
2025-12-05 14:54:58,482 - [11-Final-5sec.chor] Line 10: move motor 4 0.58% (0.001s)
2025-12-05 14:55:08,250 - [11-Final-5sec.chor] Line 10: sync command (9.786s)
2025-12-05 14:55:08,763 - [11-Final-5sec.chor] Line 12: wait 0.5s (0.511s)
2025-12-05 14:55:08,765 - [11-Final-5sec.chor] Line 15: set speed 0.06 frps (0.0s)
2025-12-05 14:55:08,779 - [11-Final-5sec.chor] Line 17: move motor 1 0.5% (0.001s)
2025-12-05 14:55:08,782 - [11-Final-5sec.chor] Line 18: move motor 2 0.48% (0.001s)
2025-12-05 14:55:08,784 - [11-Final-5sec.chor] Line 19: move motor 4 0.49% (0.001s)
2025-12-05 14:55:10,836 - [11-Final-5sec.chor] Line 19: sync command (2.07s)
2025-12-05 14:55:11,082 - ========== FINISHED EXECUTION: 11-Final-5sec.chor ==========

2025-12-05 14:55:14,503 - ========== STARTING EXECUTION: 11-Final-5sec.chor ==========
2025-12-05 14:55:14,504 - Choreography content:
# Total time: ~4 seconds
# Gentle closing gesture with slight sway and settle

# Single sway
set_frps 0.08

sync {
    move(1, 0.6)
    move(2, 0.55)
    move(4, 0.58)
}
wait(0.5)

# Settle center
set_frps 0.06
sync {
    move(1, 0.5)
    move(2, 0.48)
    move(4, 0.49)
}




2025-12-05 14:55:14,506 - ============================================================
2025-12-05 14:55:14,620 - [11-Final-5sec.chor] Line 5: set speed 0.08 frps (0.0s)
2025-12-05 14:55:14,633 - [11-Final-5sec.chor] Line 8: move motor 1 0.6% (0.0s)
2025-12-05 14:55:14,634 - [11-Final-5sec.chor] Line 9: move motor 2 0.55% (0.0s)
2025-12-05 14:55:14,636 - [11-Final-5sec.chor] Line 10: move motor 4 0.58% (0.0s)
2025-12-05 14:55:16,227 - [11-Final-5sec.chor] Line 10: sync command (1.605s)
2025-12-05 14:55:16,740 - [11-Final-5sec.chor] Line 12: wait 0.5s (0.511s)
2025-12-05 14:55:16,742 - [11-Final-5sec.chor] Line 15: set speed 0.06 frps (0.0s)
2025-12-05 14:55:16,755 - [11-Final-5sec.chor] Line 17: move motor 1 0.5% (0.001s)
2025-12-05 14:55:16,758 - [11-Final-5sec.chor] Line 18: move motor 2 0.48% (0.001s)
2025-12-05 14:55:16,761 - [11-Final-5sec.chor] Line 19: move motor 4 0.49% (0.001s)
2025-12-05 14:55:18,805 - [11-Final-5sec.chor] Line 19: sync command (2.063s)
2025-12-05 14:55:19,084 - ========== FINISHED EXECUTION: 11-Final-5sec.chor ==========

2025-12-05 14:55:20,822 - ========== STARTING EXECUTION: 11-Final-5sec.chor ==========
2025-12-05 14:55:20,823 - Choreography content:
# Total time: ~4 seconds
# Gentle closing gesture with slight sway and settle

# Single sway
set_frps 0.08

sync {
    move(1, 0.6)
    move(2, 0.55)
    move(4, 0.58)
}
wait(0.5)

# Settle center
set_frps 0.06
sync {
    move(1, 0.5)
    move(2, 0.48)
    move(4, 0.49)
}




2025-12-05 14:55:20,825 - ============================================================
2025-12-05 14:55:20,930 - [11-Final-5sec.chor] Line 5: set speed 0.08 frps (0.0s)
2025-12-05 14:55:20,941 - [11-Final-5sec.chor] Line 8: move motor 1 0.6% (0.0s)
2025-12-05 14:55:20,943 - [11-Final-5sec.chor] Line 9: move motor 2 0.55% (0.0s)
2025-12-05 14:55:20,945 - [11-Final-5sec.chor] Line 10: move motor 4 0.58% (0.001s)
2025-12-05 14:55:22,562 - [11-Final-5sec.chor] Line 10: sync command (1.631s)
2025-12-05 14:55:23,073 - [11-Final-5sec.chor] Line 12: wait 0.5s (0.51s)
2025-12-05 14:55:23,076 - [11-Final-5sec.chor] Line 15: set speed 0.06 frps (0.0s)
2025-12-05 14:55:23,088 - [11-Final-5sec.chor] Line 17: move motor 1 0.5% (0.001s)
2025-12-05 14:55:23,093 - [11-Final-5sec.chor] Line 18: move motor 2 0.48% (0.001s)
2025-12-05 14:55:23,109 - [11-Final-5sec.chor] Line 19: move motor 4 0.49% (0.001s)
2025-12-05 14:55:25,156 - [11-Final-5sec.chor] Line 19: sync command (2.08s)
2025-12-05 14:55:25,450 - ========== FINISHED EXECUTION: 11-Final-5sec.chor ==========

2025-12-05 14:55:27,352 - ========== STARTING EXECUTION: 11-Final-5sec.chor ==========
2025-12-05 14:55:27,353 - Choreography content:
# Total time: ~4 seconds
# Gentle closing gesture with slight sway and settle

# Single sway
set_frps 0.08

sync {
    move(1, 0.6)
    move(2, 0.55)
    move(4, 0.58)
}
wait(0.5)

# Settle center
set_frps 0.06
sync {
    move(1, 0.5)
    move(2, 0.48)
    move(4, 0.49)
}




2025-12-05 14:55:27,355 - ============================================================
2025-12-05 14:55:27,471 - [11-Final-5sec.chor] Line 5: set speed 0.08 frps (0.0s)
2025-12-05 14:55:27,484 - [11-Final-5sec.chor] Line 8: move motor 1 0.6% (0.001s)
2025-12-05 14:55:27,487 - [11-Final-5sec.chor] Line 9: move motor 2 0.55% (0.001s)
2025-12-05 14:55:27,492 - [11-Final-5sec.chor] Line 10: move motor 4 0.58% (0.002s)
2025-12-05 14:55:29,112 - [11-Final-5sec.chor] Line 10: sync command (1.64s)
2025-12-05 14:55:29,627 - [11-Final-5sec.chor] Line 12: wait 0.5s (0.512s)
2025-12-05 14:55:29,630 - [11-Final-5sec.chor] Line 15: set speed 0.06 frps (0.0s)
2025-12-05 14:55:29,644 - [11-Final-5sec.chor] Line 17: move motor 1 0.5% (0.001s)
2025-12-05 14:55:29,647 - [11-Final-5sec.chor] Line 18: move motor 2 0.48% (0.001s)
2025-12-05 14:55:29,650 - [11-Final-5sec.chor] Line 19: move motor 4 0.49% (0.001s)
2025-12-05 14:55:31,677 - [11-Final-5sec.chor] Line 19: sync command (2.045s)
2025-12-05 14:55:31,990 - ========== FINISHED EXECUTION: 11-Final-5sec.chor ==========

2025-12-05 14:55:33,269 - ========== STARTING EXECUTION: 11-Final-5sec.chor ==========
2025-12-05 14:55:33,271 - Choreography content:
# Total time: ~4 seconds
# Gentle closing gesture with slight sway and settle

# Single sway
set_frps 0.08

sync {
    move(1, 0.6)
    move(2, 0.55)
    move(4, 0.58)
}
wait(0.5)

# Settle center
set_frps 0.06
sync {
    move(1, 0.5)
    move(2, 0.48)
    move(4, 0.49)
}




2025-12-05 14:55:33,272 - ============================================================
2025-12-05 14:55:33,376 - [11-Final-5sec.chor] Line 5: set speed 0.08 frps (0.0s)
2025-12-05 14:55:33,388 - [11-Final-5sec.chor] Line 8: move motor 1 0.6% (0.001s)
2025-12-05 14:55:33,390 - [11-Final-5sec.chor] Line 9: move motor 2 0.55% (0.001s)
2025-12-05 14:55:33,393 - [11-Final-5sec.chor] Line 10: move motor 4 0.58% (0.001s)
2025-12-05 14:55:34,989 - [11-Final-5sec.chor] Line 10: sync command (1.611s)
2025-12-05 14:55:35,502 - [11-Final-5sec.chor] Line 12: wait 0.5s (0.51s)
2025-12-05 14:55:35,504 - [11-Final-5sec.chor] Line 15: set speed 0.06 frps (0.0s)
2025-12-05 14:55:35,518 - [11-Final-5sec.chor] Line 17: move motor 1 0.5% (0.001s)
2025-12-05 14:55:35,521 - [11-Final-5sec.chor] Line 18: move motor 2 0.48% (0.001s)
2025-12-05 14:55:35,524 - [11-Final-5sec.chor] Line 19: move motor 4 0.49% (0.001s)
2025-12-05 14:55:37,590 - [11-Final-5sec.chor] Line 19: sync command (2.084s)
2025-12-05 14:55:37,872 - ========== FINISHED EXECUTION: 11-Final-5sec.chor ==========

2025-12-05 14:55:40,093 - ========== STARTING EXECUTION: 11-Final-5sec.chor ==========
2025-12-05 14:55:40,094 - Choreography content:
# Total time: ~4 seconds
# Gentle closing gesture with slight sway and settle

# Single sway
set_frps 0.08

sync {
    move(1, 0.6)
    move(2, 0.55)
    move(4, 0.58)
}
wait(0.5)

# Settle center
set_frps 0.06
sync {
    move(1, 0.5)
    move(2, 0.48)
    move(4, 0.49)
}




2025-12-05 14:55:40,096 - ============================================================
2025-12-05 14:55:40,189 - [11-Final-5sec.chor] Line 5: set speed 0.08 frps (0.0s)
2025-12-05 14:55:40,202 - [11-Final-5sec.chor] Line 8: move motor 1 0.6% (0.001s)
2025-12-05 14:55:40,204 - [11-Final-5sec.chor] Line 9: move motor 2 0.55% (0.001s)
2025-12-05 14:55:40,206 - [11-Final-5sec.chor] Line 10: move motor 4 0.58% (0.001s)
2025-12-05 14:55:41,826 - [11-Final-5sec.chor] Line 10: sync command (1.635s)
2025-12-05 14:55:42,339 - [11-Final-5sec.chor] Line 12: wait 0.5s (0.511s)
2025-12-05 14:55:42,341 - [11-Final-5sec.chor] Line 15: set speed 0.06 frps (0.0s)
2025-12-05 14:55:42,355 - [11-Final-5sec.chor] Line 17: move motor 1 0.5% (0.001s)
2025-12-05 14:55:42,359 - [11-Final-5sec.chor] Line 18: move motor 2 0.48% (0.001s)
2025-12-05 14:55:42,362 - [11-Final-5sec.chor] Line 19: move motor 4 0.49% (0.001s)
2025-12-05 14:55:44,415 - [11-Final-5sec.chor] Line 19: sync command (2.072s)
2025-12-05 14:55:44,714 - ========== FINISHED EXECUTION: 11-Final-5sec.chor ==========

2025-12-05 14:55:48,703 - ========== STARTING EXECUTION: 11-Final-5sec.chor ==========
2025-12-05 14:55:48,704 - Choreography content:
# Total time: ~4 seconds
# Gentle closing gesture with slight sway and settle

# Single sway
set_frps 0.08

sync {
    move(1, 0.6)
    move(2, 0.55)
    move(4, 0.58)
}
wait(0.5)

# Settle center
set_frps 0.06
sync {
    move(1, 0.5)
    move(2, 0.48)
    move(4, 0.49)
}




2025-12-05 14:55:48,706 - ============================================================
2025-12-05 14:55:48,788 - [11-Final-5sec.chor] Line 5: set speed 0.08 frps (0.0s)
2025-12-05 14:55:48,800 - [11-Final-5sec.chor] Line 8: move motor 1 0.6% (0.0s)
2025-12-05 14:55:48,802 - [11-Final-5sec.chor] Line 9: move motor 2 0.55% (0.001s)
2025-12-05 14:55:48,804 - [11-Final-5sec.chor] Line 10: move motor 4 0.58% (0.001s)
2025-12-05 14:55:50,424 - [11-Final-5sec.chor] Line 10: sync command (1.635s)
2025-12-05 14:55:50,936 - [11-Final-5sec.chor] Line 12: wait 0.5s (0.511s)
2025-12-05 14:55:50,938 - [11-Final-5sec.chor] Line 15: set speed 0.06 frps (0.0s)
2025-12-05 14:55:50,952 - [11-Final-5sec.chor] Line 17: move motor 1 0.5% (0.002s)
2025-12-05 14:55:50,956 - [11-Final-5sec.chor] Line 18: move motor 2 0.48% (0.001s)
2025-12-05 14:55:50,963 - [11-Final-5sec.chor] Line 19: move motor 4 0.49% (0.002s)
2025-12-05 14:55:52,996 - [11-Final-5sec.chor] Line 19: sync command (2.056s)
2025-12-05 14:55:53,283 - ========== FINISHED EXECUTION: 11-Final-5sec.chor ==========

2025-12-05 14:55:53,949 - ========== STARTING EXECUTION: 11-Final-5sec.chor ==========
2025-12-05 14:55:53,952 - Choreography content:
# Total time: ~4 seconds
# Gentle closing gesture with slight sway and settle

# Single sway
set_frps 0.08

sync {
    move(1, 0.6)
    move(2, 0.55)
    move(4, 0.58)
}
wait(0.5)

# Settle center
set_frps 0.06
sync {
    move(1, 0.5)
    move(2, 0.48)
    move(4, 0.49)
}




2025-12-05 14:55:53,956 - ============================================================
2025-12-05 14:55:54,045 - [11-Final-5sec.chor] Line 5: set speed 0.08 frps (0.0s)
2025-12-05 14:55:54,057 - [11-Final-5sec.chor] Line 8: move motor 1 0.6% (0.001s)
2025-12-05 14:55:54,059 - [11-Final-5sec.chor] Line 9: move motor 2 0.55% (0.001s)
2025-12-05 14:55:54,062 - [11-Final-5sec.chor] Line 10: move motor 4 0.58% (0.001s)
2025-12-05 14:55:55,683 - [11-Final-5sec.chor] Line 10: sync command (1.637s)
2025-12-05 14:55:56,195 - [11-Final-5sec.chor] Line 12: wait 0.5s (0.511s)
2025-12-05 14:55:56,197 - [11-Final-5sec.chor] Line 15: set speed 0.06 frps (0.0s)
2025-12-05 14:55:56,210 - [11-Final-5sec.chor] Line 17: move motor 1 0.5% (0.001s)
2025-12-05 14:55:56,213 - [11-Final-5sec.chor] Line 18: move motor 2 0.48% (0.001s)
2025-12-05 14:55:56,217 - [11-Final-5sec.chor] Line 19: move motor 4 0.49% (0.001s)
2025-12-05 14:55:58,271 - [11-Final-5sec.chor] Line 19: sync command (2.072s)
2025-12-05 14:55:58,572 - ========== FINISHED EXECUTION: 11-Final-5sec.chor ==========

2025-12-05 14:55:59,252 - ========== STARTING EXECUTION: 11-Final-5sec.chor ==========
2025-12-05 14:55:59,253 - Choreography content:
# Total time: ~4 seconds
# Gentle closing gesture with slight sway and settle

# Single sway
set_frps 0.08

sync {
    move(1, 0.6)
    move(2, 0.55)
    move(4, 0.58)
}
wait(0.5)

# Settle center
set_frps 0.06
sync {
    move(1, 0.5)
    move(2, 0.48)
    move(4, 0.49)
}




2025-12-05 14:55:59,257 - ============================================================
2025-12-05 14:55:59,343 - [11-Final-5sec.chor] Line 5: set speed 0.08 frps (0.0s)
2025-12-05 14:55:59,354 - [11-Final-5sec.chor] Line 8: move motor 1 0.6% (0.0s)
2025-12-05 14:55:59,356 - [11-Final-5sec.chor] Line 9: move motor 2 0.55% (0.001s)
2025-12-05 14:55:59,358 - [11-Final-5sec.chor] Line 10: move motor 4 0.58% (0.001s)
2025-12-05 14:56:00,992 - [11-Final-5sec.chor] Line 10: sync command (1.648s)
2025-12-05 14:56:01,504 - [11-Final-5sec.chor] Line 12: wait 0.5s (0.511s)
2025-12-05 14:56:01,506 - [11-Final-5sec.chor] Line 15: set speed 0.06 frps (0.0s)
2025-12-05 14:56:01,519 - [11-Final-5sec.chor] Line 17: move motor 1 0.5% (0.001s)
2025-12-05 14:56:01,523 - [11-Final-5sec.chor] Line 18: move motor 2 0.48% (0.001s)
2025-12-05 14:56:01,526 - [11-Final-5sec.chor] Line 19: move motor 4 0.49% (0.001s)
2025-12-05 14:56:03,549 - [11-Final-5sec.chor] Line 19: sync command (2.041s)
2025-12-05 14:56:03,832 - ========== FINISHED EXECUTION: 11-Final-5sec.chor ==========

2025-12-05 14:58:01,255 - ========== STARTING RESET SEQUENCE ==========
2025-12-05 14:58:01,260 - Reset choreography content:
set_frps 0.5
sync {
    move(1, 0)
    move(2, 0)
    move(3, 0)
    move(4, 0)
}
2025-12-05 14:58:01,340 - [reset] Line 1: set speed 0.5 frps (0.0s)
2025-12-05 14:58:01,354 - [reset] Line 3: move motor 1 0.0% (0.001s)
2025-12-05 14:58:01,356 - [reset] Line 4: move motor 2 0.0% (0.0s)
2025-12-05 14:58:01,362 - [reset] Line 5: move motor 3 0.0% (0.002s)
2025-12-05 14:58:01,365 - [reset] Line 6: move motor 4 0.0% (0.001s)
2025-12-05 14:58:04,086 - [reset] Line 6: sync command (2.744s)
2025-12-05 14:58:04,350 - ========== FINISHED RESET SEQUENCE ==========

